This file contains any messages produced by compilers while
running configure, to aid debugging if configure makes a mistake.

It was created by soundmodem configure 0.20, which was
generated by GNU Autoconf 2.69.  Invocation command line was

  $ ./configure --no-create --no-recursion

## --------- ##
## Platform. ##
## --------- ##

hostname = m8-pi4
uname -m = armv7l
uname -r = 4.19.113-1-ARCH
uname -s = Linux
uname -v = #1 SMP PREEMPT Tue Apr 7 12:38:55 UTC 2020

/usr/bin/uname -p = unknown
/bin/uname -X     = unknown

/bin/arch              = unknown
/usr/bin/arch -k       = unknown
/usr/convex/getsysinfo = unknown
/usr/bin/hostinfo      = unknown
/bin/machine           = unknown
/usr/bin/oslevel       = unknown
/bin/universe          = unknown

PATH: /usr/local/sbin
PATH: /usr/local/bin
PATH: /usr/bin
PATH: /usr/bin/site_perl
PATH: /usr/bin/vendor_perl
PATH: /usr/bin/core_perl


## ----------- ##
## Core tests. ##
## ----------- ##

configure:2397: checking build system type
configure:2411: result: arm-unknown-linux-gnu
configure:2431: checking host system type
configure:2444: result: arm-unknown-linux-gnu
configure:2464: checking target system type
configure:2477: result: arm-unknown-linux-gnu
configure:2520: checking for a BSD-compatible install
configure:2588: result: /usr/bin/install -c
configure:2599: checking whether build environment is sane
configure:2654: result: yes
configure:2690: WARNING: 'missing' script is too old or missing
configure:2803: checking for a thread-safe mkdir -p
configure:2842: result: /usr/bin/mkdir -p
configure:2849: checking for gawk
configure:2865: found /usr/bin/gawk
configure:2876: result: gawk
configure:2887: checking whether make sets $(MAKE)
configure:2909: result: yes
configure:2938: checking whether make supports nested variables
configure:2955: result: yes
configure:3087: checking whether make sets $(MAKE)
configure:3109: result: yes
configure:3122: checking whether make supports the include directive
configure:3137: make -f confmf.GNU && cat confinc.out
make[1]: Entering directory '/home/m8/soundmodem-0.20'
make[1]: Leaving directory '/home/m8/soundmodem-0.20'
this is the am__doit target
configure:3140: $? = 0
configure:3159: result: yes (GNU style)
configure:3229: checking for gcc
configure:3245: found /usr/bin/gcc
configure:3256: result: gcc
configure:3485: checking for C compiler version
configure:3494: gcc --version >&5
gcc (GCC) 9.2.0
Copyright (C) 2019 Free Software Foundation, Inc.
This is free software; see the source for copying conditions.  There is NO
warranty; not even for MERCHANTABILITY or FITNESS FOR A PARTICULAR PURPOSE.

configure:3505: $? = 0
configure:3494: gcc -v >&5
Using built-in specs.
COLLECT_GCC=gcc
COLLECT_LTO_WRAPPER=/usr/lib/gcc/armv7l-unknown-linux-gnueabihf/9.2.0/lto-wrapper
Target: armv7l-unknown-linux-gnueabihf
Configured with: /build/gcc/src/gcc/configure --prefix=/usr --libdir=/usr/lib --libexecdir=/usr/lib --mandir=/usr/share/man --infodir=/usr/share/info --with-bugurl=https://github.com/archlinuxarm/PKGBUILDs/issues --enable-languages=c,c++,fortran,go,lto,objc,obj-c++,d --enable-shared --enable-threads=posix --with-system-zlib --with-isl --enable-__cxa_atexit --disable-libunwind-exceptions --enable-clocale=gnu --disable-libstdcxx-pch --disable-libssp --enable-gnu-unique-object --enable-linker-build-id --enable-lto --enable-plugin --enable-install-libiberty --with-linker-hash-style=gnu --enable-gnu-indirect-function --disable-multilib --disable-werror --enable-checking=release --enable-default-pie --enable-default-ssp --host=armv7l-unknown-linux-gnueabihf --build=armv7l-unknown-linux-gnueabihf --with-arch=armv7-a --with-float=hard --with-fpu=vfpv3-d16 gdc_include_dir=/usr/include/dlang/gdc
Thread model: posix
gcc version 9.2.0 (GCC) 
configure:3505: $? = 0
configure:3494: gcc -V >&5
gcc: error: unrecognized command line option '-V'
gcc: fatal error: no input files
compilation terminated.
configure:3505: $? = 1
configure:3494: gcc -qversion >&5
gcc: error: unrecognized command line option '-qversion'; did you mean '--version'?
gcc: fatal error: no input files
compilation terminated.
configure:3505: $? = 1
configure:3525: checking whether the C compiler works
configure:3547: gcc    conftest.c  >&5
configure:3551: $? = 0
configure:3599: result: yes
configure:3602: checking for C compiler default output file name
configure:3604: result: a.out
configure:3610: checking for suffix of executables
configure:3617: gcc -o conftest    conftest.c  >&5
configure:3621: $? = 0
configure:3643: result: 
configure:3665: checking whether we are cross compiling
configure:3673: gcc -o conftest    conftest.c  >&5
configure:3677: $? = 0
configure:3684: ./conftest
configure:3688: $? = 0
configure:3676: result: no
configure:3681: checking for suffix of object files
configure:3703: gcc -c   conftest.c >&5
configure:3707: $? = 0
configure:3728: result: o
configure:3732: checking whether we are using the GNU C compiler
configure:3751: gcc -c   conftest.c >&5
configure:3751: $? = 0
configure:3760: result: yes
configure:3769: checking whether gcc accepts -g
configure:3789: gcc -c -g  conftest.c >&5
configure:3789: $? = 0
configure:3830: result: yes
configure:3847: checking for gcc option to accept ISO C89
configure:3910: gcc  -c -g -O2  conftest.c >&5
configure:3910: $? = 0
configure:3923: result: none needed
configure:3948: checking whether gcc understands -c and -o together
configure:3970: gcc -c conftest.c -o conftest2.o
configure:3973: $? = 0
configure:3970: gcc -c conftest.c -o conftest2.o
configure:3973: $? = 0
configure:3985: result: yes
configure:4004: checking dependency style of gcc
configure:4115: result: gcc3
configure:4131: checking for library containing strerror
configure:4162: gcc -o conftest -g -O2   conftest.c  >&5
configure:4162: $? = 0
configure:4179: result: none required
configure:4235: checking for gcc
configure:4262: result: gcc
configure:4491: checking for C compiler version
configure:4500: gcc --version >&5
gcc (GCC) 9.2.0
Copyright (C) 2019 Free Software Foundation, Inc.
This is free software; see the source for copying conditions.  There is NO
warranty; not even for MERCHANTABILITY or FITNESS FOR A PARTICULAR PURPOSE.

configure:4511: $? = 0
configure:4500: gcc -v >&5
Using built-in specs.
COLLECT_GCC=gcc
COLLECT_LTO_WRAPPER=/usr/lib/gcc/armv7l-unknown-linux-gnueabihf/9.2.0/lto-wrapper
Target: armv7l-unknown-linux-gnueabihf
Configured with: /build/gcc/src/gcc/configure --prefix=/usr --libdir=/usr/lib --libexecdir=/usr/lib --mandir=/usr/share/man --infodir=/usr/share/info --with-bugurl=https://github.com/archlinuxarm/PKGBUILDs/issues --enable-languages=c,c++,fortran,go,lto,objc,obj-c++,d --enable-shared --enable-threads=posix --with-system-zlib --with-isl --enable-__cxa_atexit --disable-libunwind-exceptions --enable-clocale=gnu --disable-libstdcxx-pch --disable-libssp --enable-gnu-unique-object --enable-linker-build-id --enable-lto --enable-plugin --enable-install-libiberty --with-linker-hash-style=gnu --enable-gnu-indirect-function --disable-multilib --disable-werror --enable-checking=release --enable-default-pie --enable-default-ssp --host=armv7l-unknown-linux-gnueabihf --build=armv7l-unknown-linux-gnueabihf --with-arch=armv7-a --with-float=hard --with-fpu=vfpv3-d16 gdc_include_dir=/usr/include/dlang/gdc
Thread model: posix
gcc version 9.2.0 (GCC) 
configure:4511: $? = 0
configure:4500: gcc -V >&5
gcc: error: unrecognized command line option '-V'
gcc: fatal error: no input files
compilation terminated.
configure:4511: $? = 1
configure:4500: gcc -qversion >&5
gcc: error: unrecognized command line option '-qversion'; did you mean '--version'?
gcc: fatal error: no input files
compilation terminated.
configure:4511: $? = 1
configure:4515: checking whether we are using the GNU C compiler
configure:4543: result: yes
configure:4552: checking whether gcc accepts -g
configure:4613: result: yes
configure:4630: checking for gcc option to accept ISO C89
configure:4706: result: none needed
configure:4731: checking whether gcc understands -c and -o together
configure:4768: result: yes
configure:4787: checking dependency style of gcc
configure:4898: result: gcc3
configure:4961: checking for gcc
configure:4988: result: gcc
configure:5217: checking for C compiler version
configure:5226: gcc --version >&5
gcc (GCC) 9.2.0
Copyright (C) 2019 Free Software Foundation, Inc.
This is free software; see the source for copying conditions.  There is NO
warranty; not even for MERCHANTABILITY or FITNESS FOR A PARTICULAR PURPOSE.

configure:5237: $? = 0
configure:5226: gcc -v >&5
Using built-in specs.
COLLECT_GCC=gcc
COLLECT_LTO_WRAPPER=/usr/lib/gcc/armv7l-unknown-linux-gnueabihf/9.2.0/lto-wrapper
Target: armv7l-unknown-linux-gnueabihf
Configured with: /build/gcc/src/gcc/configure --prefix=/usr --libdir=/usr/lib --libexecdir=/usr/lib --mandir=/usr/share/man --infodir=/usr/share/info --with-bugurl=https://github.com/archlinuxarm/PKGBUILDs/issues --enable-languages=c,c++,fortran,go,lto,objc,obj-c++,d --enable-shared --enable-threads=posix --with-system-zlib --with-isl --enable-__cxa_atexit --disable-libunwind-exceptions --enable-clocale=gnu --disable-libstdcxx-pch --disable-libssp --enable-gnu-unique-object --enable-linker-build-id --enable-lto --enable-plugin --enable-install-libiberty --with-linker-hash-style=gnu --enable-gnu-indirect-function --disable-multilib --disable-werror --enable-checking=release --enable-default-pie --enable-default-ssp --host=armv7l-unknown-linux-gnueabihf --build=armv7l-unknown-linux-gnueabihf --with-arch=armv7-a --with-float=hard --with-fpu=vfpv3-d16 gdc_include_dir=/usr/include/dlang/gdc
Thread model: posix
gcc version 9.2.0 (GCC) 
configure:5237: $? = 0
configure:5226: gcc -V >&5
gcc: error: unrecognized command line option '-V'
gcc: fatal error: no input files
compilation terminated.
configure:5237: $? = 1
configure:5226: gcc -qversion >&5
gcc: error: unrecognized command line option '-qversion'; did you mean '--version'?
gcc: fatal error: no input files
compilation terminated.
configure:5237: $? = 1
configure:5241: checking whether we are using the GNU C compiler
configure:5269: result: yes
configure:5278: checking whether gcc accepts -g
configure:5339: result: yes
configure:5356: checking for gcc option to accept ISO C89
configure:5432: result: none needed
configure:5457: checking whether gcc understands -c and -o together
configure:5494: result: yes
configure:5513: checking dependency style of gcc
configure:5624: result: gcc3
configure:5641: checking for an ANSI C-conforming const
configure:5707: gcc -c -g -O2  conftest.c >&5
configure:5707: $? = 0
configure:5714: result: yes
configure:5722: checking for inline
configure:5738: gcc -c -g -O2  conftest.c >&5
configure:5738: $? = 0
configure:5746: result: inline
configure:5769: checking how to run the C preprocessor
configure:5800: gcc -E  conftest.c
configure:5800: $? = 0
configure:5814: gcc -E  conftest.c
conftest.c:11:10: fatal error: ac_nonexistent.h: No such file or directory
   11 | #include <ac_nonexistent.h>
      |          ^~~~~~~~~~~~~~~~~~
compilation terminated.
configure:5814: $? = 1
configure: failed program was:
| /* confdefs.h */
| #define PACKAGE_NAME "soundmodem"
| #define PACKAGE_TARNAME "soundmodem"
| #define PACKAGE_VERSION "0.20"
| #define PACKAGE_STRING "soundmodem 0.20"
| #define PACKAGE_BUGREPORT ""
| #define PACKAGE_URL ""
| #define PACKAGE "soundmodem"
| #define VERSION "0.20"
| /* end confdefs.h.  */
| #include <ac_nonexistent.h>
configure:5839: result: gcc -E
configure:5859: gcc -E  conftest.c
configure:5859: $? = 0
configure:5873: gcc -E  conftest.c
conftest.c:11:10: fatal error: ac_nonexistent.h: No such file or directory
   11 | #include <ac_nonexistent.h>
      |          ^~~~~~~~~~~~~~~~~~
compilation terminated.
configure:5873: $? = 1
configure: failed program was:
| /* confdefs.h */
| #define PACKAGE_NAME "soundmodem"
| #define PACKAGE_TARNAME "soundmodem"
| #define PACKAGE_VERSION "0.20"
| #define PACKAGE_STRING "soundmodem 0.20"
| #define PACKAGE_BUGREPORT ""
| #define PACKAGE_URL ""
| #define PACKAGE "soundmodem"
| #define VERSION "0.20"
| /* end confdefs.h.  */
| #include <ac_nonexistent.h>
configure:5902: checking for grep that handles long lines and -e
configure:5960: result: /usr/bin/grep
configure:5965: checking for egrep
configure:6027: result: /usr/bin/grep -E
configure:6032: checking for ANSI C header files
configure:6052: gcc -c -g -O2  conftest.c >&5
configure:6052: $? = 0
configure:6125: gcc -o conftest -g -O2   conftest.c  >&5
configure:6125: $? = 0
configure:6125: ./conftest
configure:6125: $? = 0
configure:6136: result: yes
configure:6149: checking for sys/types.h
configure:6149: gcc -c -g -O2  conftest.c >&5
configure:6149: $? = 0
configure:6149: result: yes
configure:6149: checking for sys/stat.h
configure:6149: gcc -c -g -O2  conftest.c >&5
configure:6149: $? = 0
configure:6149: result: yes
configure:6149: checking for stdlib.h
configure:6149: gcc -c -g -O2  conftest.c >&5
configure:6149: $? = 0
configure:6149: result: yes
configure:6149: checking for string.h
configure:6149: gcc -c -g -O2  conftest.c >&5
configure:6149: $? = 0
configure:6149: result: yes
configure:6149: checking for memory.h
configure:6149: gcc -c -g -O2  conftest.c >&5
configure:6149: $? = 0
configure:6149: result: yes
configure:6149: checking for strings.h
configure:6149: gcc -c -g -O2  conftest.c >&5
configure:6149: $? = 0
configure:6149: result: yes
configure:6149: checking for inttypes.h
configure:6149: gcc -c -g -O2  conftest.c >&5
configure:6149: $? = 0
configure:6149: result: yes
configure:6149: checking for stdint.h
configure:6149: gcc -c -g -O2  conftest.c >&5
configure:6149: $? = 0
configure:6149: result: yes
configure:6149: checking for unistd.h
configure:6149: gcc -c -g -O2  conftest.c >&5
configure:6149: $? = 0
configure:6149: result: yes
configure:6161: checking for size_t
configure:6161: gcc -c -g -O2  conftest.c >&5
configure:6161: $? = 0
configure:6161: gcc -c -g -O2  conftest.c >&5
conftest.c: In function 'main':
conftest.c:57:21: error: expected expression before ')' token
   57 | if (sizeof ((size_t)))
      |                     ^
configure:6161: $? = 1
configure: failed program was:
| /* confdefs.h */
| #define PACKAGE_NAME "soundmodem"
| #define PACKAGE_TARNAME "soundmodem"
| #define PACKAGE_VERSION "0.20"
| #define PACKAGE_STRING "soundmodem 0.20"
| #define PACKAGE_BUGREPORT ""
| #define PACKAGE_URL ""
| #define PACKAGE "soundmodem"
| #define VERSION "0.20"
| #define STDC_HEADERS 1
| #define HAVE_SYS_TYPES_H 1
| #define HAVE_SYS_STAT_H 1
| #define HAVE_STDLIB_H 1
| #define HAVE_STRING_H 1
| #define HAVE_MEMORY_H 1
| #define HAVE_STRINGS_H 1
| #define HAVE_INTTYPES_H 1
| #define HAVE_STDINT_H 1
| #define HAVE_UNISTD_H 1
| /* end confdefs.h.  */
| #include <stdio.h>
| #ifdef HAVE_SYS_TYPES_H
| # include <sys/types.h>
| #endif
| #ifdef HAVE_SYS_STAT_H
| # include <sys/stat.h>
| #endif
| #ifdef STDC_HEADERS
| # include <stdlib.h>
| # include <stddef.h>
| #else
| # ifdef HAVE_STDLIB_H
| #  include <stdlib.h>
| # endif
| #endif
| #ifdef HAVE_STRING_H
| # if !defined STDC_HEADERS && defined HAVE_MEMORY_H
| #  include <memory.h>
| # endif
| # include <string.h>
| #endif
| #ifdef HAVE_STRINGS_H
| # include <strings.h>
| #endif
| #ifdef HAVE_INTTYPES_H
| # include <inttypes.h>
| #endif
| #ifdef HAVE_STDINT_H
| # include <stdint.h>
| #endif
| #ifdef HAVE_UNISTD_H
| # include <unistd.h>
| #endif
| int
| main ()
| {
| if (sizeof ((size_t)))
| 	    return 0;
|   ;
|   return 0;
| }
configure:6161: result: yes
configure:6174: checking for working alloca.h
configure:6191: gcc -o conftest -g -O2   conftest.c  >&5
configure:6191: $? = 0
configure:6199: result: yes
configure:6207: checking for alloca
configure:6244: gcc -o conftest -g -O2   conftest.c  >&5
configure:6244: $? = 0
configure:6252: result: yes
configure:6416: checking for g++
configure:6432: found /usr/bin/g++
configure:6443: result: g++
configure:6470: checking for C++ compiler version
configure:6479: g++ --version >&5
g++ (GCC) 9.2.0
Copyright (C) 2019 Free Software Foundation, Inc.
This is free software; see the source for copying conditions.  There is NO
warranty; not even for MERCHANTABILITY or FITNESS FOR A PARTICULAR PURPOSE.

configure:6490: $? = 0
configure:6479: g++ -v >&5
Using built-in specs.
COLLECT_GCC=g++
COLLECT_LTO_WRAPPER=/usr/lib/gcc/armv7l-unknown-linux-gnueabihf/9.2.0/lto-wrapper
Target: armv7l-unknown-linux-gnueabihf
Configured with: /build/gcc/src/gcc/configure --prefix=/usr --libdir=/usr/lib --libexecdir=/usr/lib --mandir=/usr/share/man --infodir=/usr/share/info --with-bugurl=https://github.com/archlinuxarm/PKGBUILDs/issues --enable-languages=c,c++,fortran,go,lto,objc,obj-c++,d --enable-shared --enable-threads=posix --with-system-zlib --with-isl --enable-__cxa_atexit --disable-libunwind-exceptions --enable-clocale=gnu --disable-libstdcxx-pch --disable-libssp --enable-gnu-unique-object --enable-linker-build-id --enable-lto --enable-plugin --enable-install-libiberty --with-linker-hash-style=gnu --enable-gnu-indirect-function --disable-multilib --disable-werror --enable-checking=release --enable-default-pie --enable-default-ssp --host=armv7l-unknown-linux-gnueabihf --build=armv7l-unknown-linux-gnueabihf --with-arch=armv7-a --with-float=hard --with-fpu=vfpv3-d16 gdc_include_dir=/usr/include/dlang/gdc
Thread model: posix
gcc version 9.2.0 (GCC) 
configure:6490: $? = 0
configure:6479: g++ -V >&5
g++: error: unrecognized command line option '-V'
g++: fatal error: no input files
compilation terminated.
configure:6490: $? = 1
configure:6479: g++ -qversion >&5
g++: error: unrecognized command line option '-qversion'; did you mean '--version'?
g++: fatal error: no input files
compilation terminated.
configure:6490: $? = 1
configure:6494: checking whether we are using the GNU C++ compiler
configure:6513: g++ -c   conftest.cpp >&5
configure:6513: $? = 0
configure:6522: result: yes
configure:6531: checking whether g++ accepts -g
configure:6551: g++ -c -g  conftest.cpp >&5
configure:6551: $? = 0
configure:6592: result: yes
configure:6617: checking dependency style of g++
configure:6728: result: gcc3
configure:6746: checking for ranlib
configure:6762: found /usr/bin/ranlib
configure:6774: result: ranlib
configure:6784: checking for dlltool
configure:6812: result: dlltool
configure:6822: checking for as
configure:6850: result: as
configure:6860: checking for ar
configure:6888: result: ar
configure:6898: checking for ld
configure:6926: result: ld
configure:6936: checking for windres
configure:6964: result: i686-pc-cygwin-windres
configure:7003: checking for sqrt in -lm
configure:7028: gcc -o conftest -g -O2   conftest.c -lm   >&5
conftest.c:30:6: warning: conflicting types for built-in function 'sqrt'; expected 'double(double)' [-Wbuiltin-declaration-mismatch]
   30 | char sqrt ();
      |      ^~~~
conftest.c:1:1: note: 'sqrt' is declared in header '<math.h>'
    1 | /* confdefs.h */
configure:7028: $? = 0
configure:7037: result: yes
configure:7049: checking for pthread_create in -lpthread32
configure:7074: gcc -o conftest -g -O2   conftest.c -lpthread32  -lm  >&5
/usr/bin/ld: cannot find -lpthread32
collect2: error: ld returned 1 exit status
configure:7074: $? = 1
configure: failed program was:
| /* confdefs.h */
| #define PACKAGE_NAME "soundmodem"
| #define PACKAGE_TARNAME "soundmodem"
| #define PACKAGE_VERSION "0.20"
| #define PACKAGE_STRING "soundmodem 0.20"
| #define PACKAGE_BUGREPORT ""
| #define PACKAGE_URL ""
| #define PACKAGE "soundmodem"
| #define VERSION "0.20"
| #define STDC_HEADERS 1
| #define HAVE_SYS_TYPES_H 1
| #define HAVE_SYS_STAT_H 1
| #define HAVE_STDLIB_H 1
| #define HAVE_STRING_H 1
| #define HAVE_MEMORY_H 1
| #define HAVE_STRINGS_H 1
| #define HAVE_INTTYPES_H 1
| #define HAVE_STDINT_H 1
| #define HAVE_UNISTD_H 1
| #define HAVE_ALLOCA_H 1
| #define HAVE_ALLOCA 1
| #define HAVE_LIBM 1
| /* end confdefs.h.  */
| 
| /* Override any GCC internal prototype to avoid an error.
|    Use char because int might match the return type of a GCC
|    builtin and then its argument prototype would still apply.  */
| #ifdef __cplusplus
| extern "C"
| #endif
| char pthread_create ();
| int
| main ()
| {
| return pthread_create ();
|   ;
|   return 0;
| }
configure:7083: result: no
configure:7088: checking for pthread_create in -lpthread
configure:7113: gcc -o conftest -g -O2   conftest.c -lpthread  -lm  >&5
configure:7113: $? = 0
configure:7122: result: yes
configure:7130: checking for sched_setscheduler in -lposix4
configure:7155: gcc -o conftest -g -O2   conftest.c -lposix4  -lm  >&5
/usr/bin/ld: cannot find -lposix4
collect2: error: ld returned 1 exit status
configure:7155: $? = 1
configure: failed program was:
| /* confdefs.h */
| #define PACKAGE_NAME "soundmodem"
| #define PACKAGE_TARNAME "soundmodem"
| #define PACKAGE_VERSION "0.20"
| #define PACKAGE_STRING "soundmodem 0.20"
| #define PACKAGE_BUGREPORT ""
| #define PACKAGE_URL ""
| #define PACKAGE "soundmodem"
| #define VERSION "0.20"
| #define STDC_HEADERS 1
| #define HAVE_SYS_TYPES_H 1
| #define HAVE_SYS_STAT_H 1
| #define HAVE_STDLIB_H 1
| #define HAVE_STRING_H 1
| #define HAVE_MEMORY_H 1
| #define HAVE_STRINGS_H 1
| #define HAVE_INTTYPES_H 1
| #define HAVE_STDINT_H 1
| #define HAVE_UNISTD_H 1
| #define HAVE_ALLOCA_H 1
| #define HAVE_ALLOCA 1
| #define HAVE_LIBM 1
| /* end confdefs.h.  */
| 
| /* Override any GCC internal prototype to avoid an error.
|    Use char because int might match the return type of a GCC
|    builtin and then its argument prototype would still apply.  */
| #ifdef __cplusplus
| extern "C"
| #endif
| char sched_setscheduler ();
| int
| main ()
| {
| return sched_setscheduler ();
|   ;
|   return 0;
| }
configure:7164: result: no
configure:7175: checking for GUID_NULL in -luuid
configure:7200: gcc -o conftest -g -O2   conftest.c -luuid  -lm  >&5
/usr/bin/ld: /tmp/ccS459zm.o: in function `main':
/home/m8/soundmodem-0.20/conftest.c:35: undefined reference to `GUID_NULL'
collect2: error: ld returned 1 exit status
configure:7200: $? = 1
configure: failed program was:
| /* confdefs.h */
| #define PACKAGE_NAME "soundmodem"
| #define PACKAGE_TARNAME "soundmodem"
| #define PACKAGE_VERSION "0.20"
| #define PACKAGE_STRING "soundmodem 0.20"
| #define PACKAGE_BUGREPORT ""
| #define PACKAGE_URL ""
| #define PACKAGE "soundmodem"
| #define VERSION "0.20"
| #define STDC_HEADERS 1
| #define HAVE_SYS_TYPES_H 1
| #define HAVE_SYS_STAT_H 1
| #define HAVE_STDLIB_H 1
| #define HAVE_STRING_H 1
| #define HAVE_MEMORY_H 1
| #define HAVE_STRINGS_H 1
| #define HAVE_INTTYPES_H 1
| #define HAVE_STDINT_H 1
| #define HAVE_UNISTD_H 1
| #define HAVE_ALLOCA_H 1
| #define HAVE_ALLOCA 1
| #define HAVE_LIBM 1
| /* end confdefs.h.  */
| 
| /* Override any GCC internal prototype to avoid an error.
|    Use char because int might match the return type of a GCC
|    builtin and then its argument prototype would still apply.  */
| #ifdef __cplusplus
| extern "C"
| #endif
| char GUID_NULL ();
| int
| main ()
| {
| return GUID_NULL ();
|   ;
|   return 0;
| }
configure:7209: result: no
configure:7222: checking for getopt_long
configure:7222: gcc -o conftest -g -O2   conftest.c -lm  >&5
configure:7222: $? = 0
configure:7222: result: yes
configure:7246: checking sys/audioio.h usability
configure:7246: gcc -c -g -O2  conftest.c >&5
conftest.c:58:10: fatal error: sys/audioio.h: No such file or directory
   58 | #include <sys/audioio.h>
      |          ^~~~~~~~~~~~~~~
compilation terminated.
configure:7246: $? = 1
configure: failed program was:
| /* confdefs.h */
| #define PACKAGE_NAME "soundmodem"
| #define PACKAGE_TARNAME "soundmodem"
| #define PACKAGE_VERSION "0.20"
| #define PACKAGE_STRING "soundmodem 0.20"
| #define PACKAGE_BUGREPORT ""
| #define PACKAGE_URL ""
| #define PACKAGE "soundmodem"
| #define VERSION "0.20"
| #define STDC_HEADERS 1
| #define HAVE_SYS_TYPES_H 1
| #define HAVE_SYS_STAT_H 1
| #define HAVE_STDLIB_H 1
| #define HAVE_STRING_H 1
| #define HAVE_MEMORY_H 1
| #define HAVE_STRINGS_H 1
| #define HAVE_INTTYPES_H 1
| #define HAVE_STDINT_H 1
| #define HAVE_UNISTD_H 1
| #define HAVE_ALLOCA_H 1
| #define HAVE_ALLOCA 1
| #define HAVE_LIBM 1
| #define HAVE_GETOPT_LONG 1
| /* end confdefs.h.  */
| #include <stdio.h>
| #ifdef HAVE_SYS_TYPES_H
| # include <sys/types.h>
| #endif
| #ifdef HAVE_SYS_STAT_H
| # include <sys/stat.h>
| #endif
| #ifdef STDC_HEADERS
| # include <stdlib.h>
| # include <stddef.h>
| #else
| # ifdef HAVE_STDLIB_H
| #  include <stdlib.h>
| # endif
| #endif
| #ifdef HAVE_STRING_H
| # if !defined STDC_HEADERS && defined HAVE_MEMORY_H
| #  include <memory.h>
| # endif
| # include <string.h>
| #endif
| #ifdef HAVE_STRINGS_H
| # include <strings.h>
| #endif
| #ifdef HAVE_INTTYPES_H
| # include <inttypes.h>
| #endif
| #ifdef HAVE_STDINT_H
| # include <stdint.h>
| #endif
| #ifdef HAVE_UNISTD_H
| # include <unistd.h>
| #endif
| #include <sys/audioio.h>
configure:7246: result: no
configure:7246: checking sys/audioio.h presence
configure:7246: gcc -E  conftest.c
conftest.c:25:10: fatal error: sys/audioio.h: No such file or directory
   25 | #include <sys/audioio.h>
      |          ^~~~~~~~~~~~~~~
compilation terminated.
configure:7246: $? = 1
configure: failed program was:
| /* confdefs.h */
| #define PACKAGE_NAME "soundmodem"
| #define PACKAGE_TARNAME "soundmodem"
| #define PACKAGE_VERSION "0.20"
| #define PACKAGE_STRING "soundmodem 0.20"
| #define PACKAGE_BUGREPORT ""
| #define PACKAGE_URL ""
| #define PACKAGE "soundmodem"
| #define VERSION "0.20"
| #define STDC_HEADERS 1
| #define HAVE_SYS_TYPES_H 1
| #define HAVE_SYS_STAT_H 1
| #define HAVE_STDLIB_H 1
| #define HAVE_STRING_H 1
| #define HAVE_MEMORY_H 1
| #define HAVE_STRINGS_H 1
| #define HAVE_INTTYPES_H 1
| #define HAVE_STDINT_H 1
| #define HAVE_UNISTD_H 1
| #define HAVE_ALLOCA_H 1
| #define HAVE_ALLOCA 1
| #define HAVE_LIBM 1
| #define HAVE_GETOPT_LONG 1
| /* end confdefs.h.  */
| #include <sys/audioio.h>
configure:7246: result: no
configure:7246: checking for sys/audioio.h
configure:7246: result: no
configure:7246: checking stropts.h usability
configure:7246: gcc -c -g -O2  conftest.c >&5
conftest.c:58:10: fatal error: stropts.h: No such file or directory
   58 | #include <stropts.h>
      |          ^~~~~~~~~~~
compilation terminated.
configure:7246: $? = 1
configure: failed program was:
| /* confdefs.h */
| #define PACKAGE_NAME "soundmodem"
| #define PACKAGE_TARNAME "soundmodem"
| #define PACKAGE_VERSION "0.20"
| #define PACKAGE_STRING "soundmodem 0.20"
| #define PACKAGE_BUGREPORT ""
| #define PACKAGE_URL ""
| #define PACKAGE "soundmodem"
| #define VERSION "0.20"
| #define STDC_HEADERS 1
| #define HAVE_SYS_TYPES_H 1
| #define HAVE_SYS_STAT_H 1
| #define HAVE_STDLIB_H 1
| #define HAVE_STRING_H 1
| #define HAVE_MEMORY_H 1
| #define HAVE_STRINGS_H 1
| #define HAVE_INTTYPES_H 1
| #define HAVE_STDINT_H 1
| #define HAVE_UNISTD_H 1
| #define HAVE_ALLOCA_H 1
| #define HAVE_ALLOCA 1
| #define HAVE_LIBM 1
| #define HAVE_GETOPT_LONG 1
| /* end confdefs.h.  */
| #include <stdio.h>
| #ifdef HAVE_SYS_TYPES_H
| # include <sys/types.h>
| #endif
| #ifdef HAVE_SYS_STAT_H
| # include <sys/stat.h>
| #endif
| #ifdef STDC_HEADERS
| # include <stdlib.h>
| # include <stddef.h>
| #else
| # ifdef HAVE_STDLIB_H
| #  include <stdlib.h>
| # endif
| #endif
| #ifdef HAVE_STRING_H
| # if !defined STDC_HEADERS && defined HAVE_MEMORY_H
| #  include <memory.h>
| # endif
| # include <string.h>
| #endif
| #ifdef HAVE_STRINGS_H
| # include <strings.h>
| #endif
| #ifdef HAVE_INTTYPES_H
| # include <inttypes.h>
| #endif
| #ifdef HAVE_STDINT_H
| # include <stdint.h>
| #endif
| #ifdef HAVE_UNISTD_H
| # include <unistd.h>
| #endif
| #include <stropts.h>
configure:7246: result: no
configure:7246: checking stropts.h presence
configure:7246: gcc -E  conftest.c
conftest.c:25:10: fatal error: stropts.h: No such file or directory
   25 | #include <stropts.h>
      |          ^~~~~~~~~~~
compilation terminated.
configure:7246: $? = 1
configure: failed program was:
| /* confdefs.h */
| #define PACKAGE_NAME "soundmodem"
| #define PACKAGE_TARNAME "soundmodem"
| #define PACKAGE_VERSION "0.20"
| #define PACKAGE_STRING "soundmodem 0.20"
| #define PACKAGE_BUGREPORT ""
| #define PACKAGE_URL ""
| #define PACKAGE "soundmodem"
| #define VERSION "0.20"
| #define STDC_HEADERS 1
| #define HAVE_SYS_TYPES_H 1
| #define HAVE_SYS_STAT_H 1
| #define HAVE_STDLIB_H 1
| #define HAVE_STRING_H 1
| #define HAVE_MEMORY_H 1
| #define HAVE_STRINGS_H 1
| #define HAVE_INTTYPES_H 1
| #define HAVE_STDINT_H 1
| #define HAVE_UNISTD_H 1
| #define HAVE_ALLOCA_H 1
| #define HAVE_ALLOCA 1
| #define HAVE_LIBM 1
| #define HAVE_GETOPT_LONG 1
| /* end confdefs.h.  */
| #include <stropts.h>
configure:7246: result: no
configure:7246: checking for stropts.h
configure:7246: result: no
configure:7246: checking sys/conf.h usability
configure:7246: gcc -c -g -O2  conftest.c >&5
conftest.c:58:10: fatal error: sys/conf.h: No such file or directory
   58 | #include <sys/conf.h>
      |          ^~~~~~~~~~~~
compilation terminated.
configure:7246: $? = 1
configure: failed program was:
| /* confdefs.h */
| #define PACKAGE_NAME "soundmodem"
| #define PACKAGE_TARNAME "soundmodem"
| #define PACKAGE_VERSION "0.20"
| #define PACKAGE_STRING "soundmodem 0.20"
| #define PACKAGE_BUGREPORT ""
| #define PACKAGE_URL ""
| #define PACKAGE "soundmodem"
| #define VERSION "0.20"
| #define STDC_HEADERS 1
| #define HAVE_SYS_TYPES_H 1
| #define HAVE_SYS_STAT_H 1
| #define HAVE_STDLIB_H 1
| #define HAVE_STRING_H 1
| #define HAVE_MEMORY_H 1
| #define HAVE_STRINGS_H 1
| #define HAVE_INTTYPES_H 1
| #define HAVE_STDINT_H 1
| #define HAVE_UNISTD_H 1
| #define HAVE_ALLOCA_H 1
| #define HAVE_ALLOCA 1
| #define HAVE_LIBM 1
| #define HAVE_GETOPT_LONG 1
| /* end confdefs.h.  */
| #include <stdio.h>
| #ifdef HAVE_SYS_TYPES_H
| # include <sys/types.h>
| #endif
| #ifdef HAVE_SYS_STAT_H
| # include <sys/stat.h>
| #endif
| #ifdef STDC_HEADERS
| # include <stdlib.h>
| # include <stddef.h>
| #else
| # ifdef HAVE_STDLIB_H
| #  include <stdlib.h>
| # endif
| #endif
| #ifdef HAVE_STRING_H
| # if !defined STDC_HEADERS && defined HAVE_MEMORY_H
| #  include <memory.h>
| # endif
| # include <string.h>
| #endif
| #ifdef HAVE_STRINGS_H
| # include <strings.h>
| #endif
| #ifdef HAVE_INTTYPES_H
| # include <inttypes.h>
| #endif
| #ifdef HAVE_STDINT_H
| # include <stdint.h>
| #endif
| #ifdef HAVE_UNISTD_H
| # include <unistd.h>
| #endif
| #include <sys/conf.h>
configure:7246: result: no
configure:7246: checking sys/conf.h presence
configure:7246: gcc -E  conftest.c
conftest.c:25:10: fatal error: sys/conf.h: No such file or directory
   25 | #include <sys/conf.h>
      |          ^~~~~~~~~~~~
compilation terminated.
configure:7246: $? = 1
configure: failed program was:
| /* confdefs.h */
| #define PACKAGE_NAME "soundmodem"
| #define PACKAGE_TARNAME "soundmodem"
| #define PACKAGE_VERSION "0.20"
| #define PACKAGE_STRING "soundmodem 0.20"
| #define PACKAGE_BUGREPORT ""
| #define PACKAGE_URL ""
| #define PACKAGE "soundmodem"
| #define VERSION "0.20"
| #define STDC_HEADERS 1
| #define HAVE_SYS_TYPES_H 1
| #define HAVE_SYS_STAT_H 1
| #define HAVE_STDLIB_H 1
| #define HAVE_STRING_H 1
| #define HAVE_MEMORY_H 1
| #define HAVE_STRINGS_H 1
| #define HAVE_INTTYPES_H 1
| #define HAVE_STDINT_H 1
| #define HAVE_UNISTD_H 1
| #define HAVE_ALLOCA_H 1
| #define HAVE_ALLOCA 1
| #define HAVE_LIBM 1
| #define HAVE_GETOPT_LONG 1
| /* end confdefs.h.  */
| #include <sys/conf.h>
configure:7246: result: no
configure:7246: checking for sys/conf.h
configure:7246: result: no
configure:7246: checking sys/soundcard.h usability
configure:7246: gcc -c -g -O2  conftest.c >&5
configure:7246: $? = 0
configure:7246: result: yes
configure:7246: checking sys/soundcard.h presence
configure:7246: gcc -E  conftest.c
configure:7246: $? = 0
configure:7246: result: yes
configure:7246: checking for sys/soundcard.h
configure:7246: result: yes
configure:7246: checking sys/ioctl.h usability
configure:7246: gcc -c -g -O2  conftest.c >&5
configure:7246: $? = 0
configure:7246: result: yes
configure:7246: checking sys/ioctl.h presence
configure:7246: gcc -E  conftest.c
configure:7246: $? = 0
configure:7246: result: yes
configure:7246: checking for sys/ioctl.h
configure:7246: result: yes
configure:7246: checking time.h usability
configure:7246: gcc -c -g -O2  conftest.c >&5
configure:7246: $? = 0
configure:7246: result: yes
configure:7246: checking time.h presence
configure:7246: gcc -E  conftest.c
configure:7246: $? = 0
configure:7246: result: yes
configure:7246: checking for time.h
configure:7246: result: yes
configure:7246: checking for inttypes.h
configure:7246: result: yes
configure:7246: checking net/if_arp.h usability
configure:7246: gcc -c -g -O2  conftest.c >&5
configure:7246: $? = 0
configure:7246: result: yes
configure:7246: checking net/if_arp.h presence
configure:7246: gcc -E  conftest.c
configure:7246: $? = 0
configure:7246: result: yes
configure:7246: checking for net/if_arp.h
configure:7246: result: yes
configure:7259: checking pty.h usability
configure:7259: gcc -c -g -O2  conftest.c >&5
configure:7259: $? = 0
configure:7259: result: yes
configure:7259: checking pty.h presence
configure:7259: gcc -E  conftest.c
configure:7259: $? = 0
configure:7259: result: yes
configure:7259: checking for pty.h
configure:7259: result: yes
configure:7259: checking getopt.h usability
configure:7259: gcc -c -g -O2  conftest.c >&5
configure:7259: $? = 0
configure:7259: result: yes
configure:7259: checking getopt.h presence
configure:7259: gcc -E  conftest.c
configure:7259: $? = 0
configure:7259: result: yes
configure:7259: checking for getopt.h
configure:7259: result: yes
configure:7259: checking syslog.h usability
configure:7259: gcc -c -g -O2  conftest.c >&5
configure:7259: $? = 0
configure:7259: result: yes
configure:7259: checking syslog.h presence
configure:7259: gcc -E  conftest.c
configure:7259: $? = 0
configure:7259: result: yes
configure:7259: checking for syslog.h
configure:7259: result: yes
configure:7259: checking sched.h usability
configure:7259: gcc -c -g -O2  conftest.c >&5
configure:7259: $? = 0
configure:7259: result: yes
configure:7259: checking sched.h presence
configure:7259: gcc -E  conftest.c
configure:7259: $? = 0
configure:7259: result: yes
configure:7259: checking for sched.h
configure:7259: result: yes
configure:7259: checking linux/sockios.h usability
configure:7259: gcc -c -g -O2  conftest.c >&5
configure:7259: $? = 0
configure:7259: result: yes
configure:7259: checking linux/sockios.h presence
configure:7259: gcc -E  conftest.c
configure:7259: $? = 0
configure:7259: result: yes
configure:7259: checking for linux/sockios.h
configure:7259: result: yes
configure:7259: checking sys/ioccom.h usability
configure:7259: gcc -c -g -O2  conftest.c >&5
conftest.c:68:10: fatal error: sys/ioccom.h: No such file or directory
   68 | #include <sys/ioccom.h>
      |          ^~~~~~~~~~~~~~
compilation terminated.
configure:7259: $? = 1
configure: failed program was:
| /* confdefs.h */
| #define PACKAGE_NAME "soundmodem"
| #define PACKAGE_TARNAME "soundmodem"
| #define PACKAGE_VERSION "0.20"
| #define PACKAGE_STRING "soundmodem 0.20"
| #define PACKAGE_BUGREPORT ""
| #define PACKAGE_URL ""
| #define PACKAGE "soundmodem"
| #define VERSION "0.20"
| #define STDC_HEADERS 1
| #define HAVE_SYS_TYPES_H 1
| #define HAVE_SYS_STAT_H 1
| #define HAVE_STDLIB_H 1
| #define HAVE_STRING_H 1
| #define HAVE_MEMORY_H 1
| #define HAVE_STRINGS_H 1
| #define HAVE_INTTYPES_H 1
| #define HAVE_STDINT_H 1
| #define HAVE_UNISTD_H 1
| #define HAVE_ALLOCA_H 1
| #define HAVE_ALLOCA 1
| #define HAVE_LIBM 1
| #define HAVE_GETOPT_LONG 1
| #define HAVE_SYS_SOUNDCARD_H 1
| #define HAVE_SYS_IOCTL_H 1
| #define HAVE_TIME_H 1
| #define HAVE_INTTYPES_H 1
| #define HAVE_NET_IF_ARP_H 1
| #define HAVE_PTY_H 1
| #define HAVE_GETOPT_H 1
| #define HAVE_SYSLOG_H 1
| #define HAVE_SCHED_H 1
| #define HAVE_LINUX_SOCKIOS_H 1
| /* end confdefs.h.  */
| #include <stdio.h>
| #ifdef HAVE_SYS_TYPES_H
| # include <sys/types.h>
| #endif
| #ifdef HAVE_SYS_STAT_H
| # include <sys/stat.h>
| #endif
| #ifdef STDC_HEADERS
| # include <stdlib.h>
| # include <stddef.h>
| #else
| # ifdef HAVE_STDLIB_H
| #  include <stdlib.h>
| # endif
| #endif
| #ifdef HAVE_STRING_H
| # if !defined STDC_HEADERS && defined HAVE_MEMORY_H
| #  include <memory.h>
| # endif
| # include <string.h>
| #endif
| #ifdef HAVE_STRINGS_H
| # include <strings.h>
| #endif
| #ifdef HAVE_INTTYPES_H
| # include <inttypes.h>
| #endif
| #ifdef HAVE_STDINT_H
| # include <stdint.h>
| #endif
| #ifdef HAVE_UNISTD_H
| # include <unistd.h>
| #endif
| #include <sys/ioccom.h>
configure:7259: result: no
configure:7259: checking sys/ioccom.h presence
configure:7259: gcc -E  conftest.c
conftest.c:35:10: fatal error: sys/ioccom.h: No such file or directory
   35 | #include <sys/ioccom.h>
      |          ^~~~~~~~~~~~~~
compilation terminated.
configure:7259: $? = 1
configure: failed program was:
| /* confdefs.h */
| #define PACKAGE_NAME "soundmodem"
| #define PACKAGE_TARNAME "soundmodem"
| #define PACKAGE_VERSION "0.20"
| #define PACKAGE_STRING "soundmodem 0.20"
| #define PACKAGE_BUGREPORT ""
| #define PACKAGE_URL ""
| #define PACKAGE "soundmodem"
| #define VERSION "0.20"
| #define STDC_HEADERS 1
| #define HAVE_SYS_TYPES_H 1
| #define HAVE_SYS_STAT_H 1
| #define HAVE_STDLIB_H 1
| #define HAVE_STRING_H 1
| #define HAVE_MEMORY_H 1
| #define HAVE_STRINGS_H 1
| #define HAVE_INTTYPES_H 1
| #define HAVE_STDINT_H 1
| #define HAVE_UNISTD_H 1
| #define HAVE_ALLOCA_H 1
| #define HAVE_ALLOCA 1
| #define HAVE_LIBM 1
| #define HAVE_GETOPT_LONG 1
| #define HAVE_SYS_SOUNDCARD_H 1
| #define HAVE_SYS_IOCTL_H 1
| #define HAVE_TIME_H 1
| #define HAVE_INTTYPES_H 1
| #define HAVE_NET_IF_ARP_H 1
| #define HAVE_PTY_H 1
| #define HAVE_GETOPT_H 1
| #define HAVE_SYSLOG_H 1
| #define HAVE_SCHED_H 1
| #define HAVE_LINUX_SOCKIOS_H 1
| /* end confdefs.h.  */
| #include <sys/ioccom.h>
configure:7259: result: no
configure:7259: checking for sys/ioccom.h
configure:7259: result: no
configure:7259: checking linux/ppdev.h usability
configure:7259: gcc -c -g -O2  conftest.c >&5
configure:7259: $? = 0
configure:7259: result: yes
configure:7259: checking linux/ppdev.h presence
configure:7259: gcc -E  conftest.c
configure:7259: $? = 0
configure:7259: result: yes
configure:7259: checking for linux/ppdev.h
configure:7259: result: yes
configure:7271: checking gpiod.h usability
configure:7271: gcc -c -g -O2  conftest.c >&5
configure:7271: $? = 0
configure:7271: result: yes
configure:7271: checking gpiod.h presence
configure:7271: gcc -E  conftest.c
configure:7271: $? = 0
configure:7271: result: yes
configure:7271: checking for gpiod.h
configure:7271: result: yes
configure:7283: result: 
configure:7288: checking for sys/socket.h
configure:7288: gcc -c -g -O2  conftest.c >&5
configure:7288: $? = 0
configure:7288: result: yes
configure:7288: checking for linux/if.h
configure:7288: gcc -c -g -O2  conftest.c >&5
configure:7288: $? = 0
configure:7288: result: yes
configure:7306: checking for sys/socket.h
configure:7306: result: yes
configure:7306: checking for linux/ax25.h
configure:7306: gcc -c -g -O2  conftest.c >&5
configure:7306: $? = 0
configure:7306: result: yes
configure:7324: checking for snprintf
configure:7324: gcc -o conftest -g -O2   conftest.c -lm  >&5
conftest.c:64:6: warning: conflicting types for built-in function 'snprintf'; expected 'int(char *, unsigned int,  const char *, ...)' [-Wbuiltin-declaration-mismatch]
   64 | char snprintf ();
      |      ^~~~~~~~
conftest.c:52:1: note: 'snprintf' is declared in header '<stdio.h>'
   51 | # include <limits.h>
   52 | #else
configure:7324: $? = 0
configure:7324: result: yes
configure:7324: checking for vsnprintf
configure:7324: gcc -o conftest -g -O2   conftest.c -lm  >&5
conftest.c:65:6: warning: conflicting types for built-in function 'vsnprintf'; expected 'int(char *, unsigned int,  const char *, __va_list)' [-Wbuiltin-declaration-mismatch]
   65 | char vsnprintf ();
      |      ^~~~~~~~~
conftest.c:53:1: note: 'vsnprintf' is declared in header '<stdio.h>'
   52 | # include <limits.h>
   53 | #else
configure:7324: $? = 0
configure:7324: result: yes
configure:7324: checking for syslog
configure:7324: gcc -o conftest -g -O2   conftest.c -lm  >&5
configure:7324: $? = 0
configure:7324: result: yes
configure:7324: checking for vsyslog
configure:7324: gcc -o conftest -g -O2   conftest.c -lm  >&5
configure:7324: $? = 0
configure:7324: result: yes
configure:7324: checking for openlog
configure:7324: gcc -o conftest -g -O2   conftest.c -lm  >&5
configure:7324: $? = 0
configure:7324: result: yes
configure:7324: checking for closelog
configure:7324: gcc -o conftest -g -O2   conftest.c -lm  >&5
configure:7324: $? = 0
configure:7324: result: yes
configure:7335: checking for mlockall
configure:7335: gcc -o conftest -g -O2   conftest.c -lm  >&5
configure:7335: $? = 0
configure:7335: result: yes
configure:7345: checking for signed bittypes
configure:7359: gcc -c -g -O2  conftest.c >&5
configure:7359: $? = 0
configure:7365: result: yes
configure:7368: checking for unsigned bittypes
configure:7382: gcc -c -g -O2  conftest.c >&5
configure:7382: $? = 0
configure:7388: result: yes
configure:7391: checking return type of signal handlers
configure:7409: gcc -c -g -O2  conftest.c >&5
conftest.c: In function 'main':
conftest.c:56:10: error: void value not ignored as it ought to be
   56 | return *(signal (0, 0)) (0) == 1;
      |         ~^~~~~~~~~~~~~~~~~~
configure:7409: $? = 1
configure: failed program was:
| /* confdefs.h */
| #define PACKAGE_NAME "soundmodem"
| #define PACKAGE_TARNAME "soundmodem"
| #define PACKAGE_VERSION "0.20"
| #define PACKAGE_STRING "soundmodem 0.20"
| #define PACKAGE_BUGREPORT ""
| #define PACKAGE_URL ""
| #define PACKAGE "soundmodem"
| #define VERSION "0.20"
| #define STDC_HEADERS 1
| #define HAVE_SYS_TYPES_H 1
| #define HAVE_SYS_STAT_H 1
| #define HAVE_STDLIB_H 1
| #define HAVE_STRING_H 1
| #define HAVE_MEMORY_H 1
| #define HAVE_STRINGS_H 1
| #define HAVE_INTTYPES_H 1
| #define HAVE_STDINT_H 1
| #define HAVE_UNISTD_H 1
| #define HAVE_ALLOCA_H 1
| #define HAVE_ALLOCA 1
| #define HAVE_LIBM 1
| #define HAVE_GETOPT_LONG 1
| #define HAVE_SYS_SOUNDCARD_H 1
| #define HAVE_SYS_IOCTL_H 1
| #define HAVE_TIME_H 1
| #define HAVE_INTTYPES_H 1
| #define HAVE_NET_IF_ARP_H 1
| #define HAVE_PTY_H 1
| #define HAVE_GETOPT_H 1
| #define HAVE_SYSLOG_H 1
| #define HAVE_SCHED_H 1
| #define HAVE_LINUX_SOCKIOS_H 1
| #define HAVE_LINUX_PPDEV_H 1
| #define HAVE_GPIOD_H 1
| #define HAVE_SYS_SOCKET_H 1
| #define HAVE_LINUX_IF_H 1
| #define HAVE_SYS_SOCKET_H 1
| #define HAVE_LINUX_AX25_H 1
| #define HAVE_SNPRINTF 1
| #define HAVE_VSNPRINTF 1
| #define HAVE_SYSLOG 1
| #define HAVE_VSYSLOG 1
| #define HAVE_OPENLOG 1
| #define HAVE_CLOSELOG 1
| #define HAVE_MLOCKALL 1
| #define HAVE_SIGNED_BITTYPES 1
| #define HAVE_UNSIGNED_BITTYPES 1
| /* end confdefs.h.  */
| #include <sys/types.h>
| #include <signal.h>
| 
| int
| main ()
| {
| return *(signal (0, 0)) (0) == 1;
|   ;
|   return 0;
| }
configure:7416: result: void
configure:7425: checking for M_PI
configure:7439: gcc -c -g -O2  conftest.c >&5
configure:7439: $? = 0
configure:7447: result: yes
configure:7450: checking for M_LOG10E
configure:7464: gcc -c -g -O2  conftest.c >&5
configure:7464: $? = 0
configure:7472: result: yes
configure:7517: checking for ALSA CFLAGS
configure:7523: result: 
configure:7526: checking for dlopen in -lc
configure:7551: gcc -o conftest -g -O2   conftest.c -lc  -lm  >&5
/usr/bin/ld: /tmp/cckELyMZ.o: in function `main':
/home/m8/soundmodem-0.20/conftest.c:62: undefined reference to `dlopen'
collect2: error: ld returned 1 exit status
configure:7551: $? = 1
configure: failed program was:
| /* confdefs.h */
| #define PACKAGE_NAME "soundmodem"
| #define PACKAGE_TARNAME "soundmodem"
| #define PACKAGE_VERSION "0.20"
| #define PACKAGE_STRING "soundmodem 0.20"
| #define PACKAGE_BUGREPORT ""
| #define PACKAGE_URL ""
| #define PACKAGE "soundmodem"
| #define VERSION "0.20"
| #define STDC_HEADERS 1
| #define HAVE_SYS_TYPES_H 1
| #define HAVE_SYS_STAT_H 1
| #define HAVE_STDLIB_H 1
| #define HAVE_STRING_H 1
| #define HAVE_MEMORY_H 1
| #define HAVE_STRINGS_H 1
| #define HAVE_INTTYPES_H 1
| #define HAVE_STDINT_H 1
| #define HAVE_UNISTD_H 1
| #define HAVE_ALLOCA_H 1
| #define HAVE_ALLOCA 1
| #define HAVE_LIBM 1
| #define HAVE_GETOPT_LONG 1
| #define HAVE_SYS_SOUNDCARD_H 1
| #define HAVE_SYS_IOCTL_H 1
| #define HAVE_TIME_H 1
| #define HAVE_INTTYPES_H 1
| #define HAVE_NET_IF_ARP_H 1
| #define HAVE_PTY_H 1
| #define HAVE_GETOPT_H 1
| #define HAVE_SYSLOG_H 1
| #define HAVE_SCHED_H 1
| #define HAVE_LINUX_SOCKIOS_H 1
| #define HAVE_LINUX_PPDEV_H 1
| #define HAVE_GPIOD_H 1
| #define HAVE_SYS_SOCKET_H 1
| #define HAVE_LINUX_IF_H 1
| #define HAVE_SYS_SOCKET_H 1
| #define HAVE_LINUX_AX25_H 1
| #define HAVE_SNPRINTF 1
| #define HAVE_VSNPRINTF 1
| #define HAVE_SYSLOG 1
| #define HAVE_VSYSLOG 1
| #define HAVE_OPENLOG 1
| #define HAVE_CLOSELOG 1
| #define HAVE_MLOCKALL 1
| #define HAVE_SIGNED_BITTYPES 1
| #define HAVE_UNSIGNED_BITTYPES 1
| #define RETSIGTYPE void
| /* end confdefs.h.  */
| 
| /* Override any GCC internal prototype to avoid an error.
|    Use char because int might match the return type of a GCC
|    builtin and then its argument prototype would still apply.  */
| #ifdef __cplusplus
| extern "C"
| #endif
| char dlopen ();
| int
| main ()
| {
| return dlopen ();
|   ;
|   return 0;
| }
configure:7560: result: no
configure:7565: checking for dlopen in -ldl
configure:7590: gcc -o conftest -g -O2   conftest.c -ldl  -lm  >&5
configure:7590: $? = 0
configure:7599: result: yes
configure:7608: checking for ALSA LDFLAGS
configure:7617: result:  -lasound -lm -ldl -lpthread
configure:7622: checking required libasound headers version
configure:7632: result: 1.0.0
configure:7642: checking for libasound headers version >= 1.0.0 (1.0.0)
configure:7689: gcc -c -g -O2  conftest.c >&5
configure:7689: $? = 0
configure:7690: result: found.
configure:7714: checking for libatopology (sound headers version > 1.1.9)
configure:7741: gcc -c -g -O2  conftest.c >&5
configure:7741: $? = 0
configure:7742: result: yes
configure:7761: checking for snd_ctl_open in -lasound
configure:7786: gcc -o conftest -g -O2   conftest.c -lasound   -lasound -lm -ldl -lpthread -lm  >&5
configure:7786: $? = 0
configure:7795: result: yes
configure:7813: checking for snd_tplg_new in -latopology
configure:7838: gcc -o conftest -g -O2   conftest.c -latopology  -lasound  -lasound -lm -ldl -lpthread -lm  >&5
configure:7838: $? = 0
configure:7847: result: yes
configure:7889: checking for ALSA topology LDFLAGS
configure:7894: result:  -latopology
configure:7914: checking whether NLS is requested
configure:7923: result: yes
configure:7964: checking for msgfmt
configure: trying /usr/bin/msgfmt...
0 translated messages.
configure:7996: result: /usr/bin/msgfmt
configure:8005: checking for gmsgfmt
configure:8036: result: /usr/bin/msgfmt
configure:8087: checking for xgettext
configure: trying /usr/bin/xgettext...
/usr/bin/xgettext: warning: file '/dev/null' extension '' is unknown; will try C
configure:8119: result: /usr/bin/xgettext
configure:8165: checking for msgmerge
configure: trying /usr/bin/msgmerge...
configure:8196: result: /usr/bin/msgmerge
configure:8253: checking for ld used by GCC
configure:8317: result: ld
configure:8324: checking if the linker (ld) is GNU ld
configure:8337: result: yes
configure:8344: checking for shared library run path origin
configure:8357: result: done
configure:8929: checking for CFPreferencesCopyAppValue
configure:8947: gcc -o conftest -g -O2   conftest.c -lasound -lm -ldl -lpthread -lm -Wl,-framework -Wl,CoreFoundation >&5
conftest.c:54:10: fatal error: CoreFoundation/CFPreferences.h: No such file or directory
   54 | #include <CoreFoundation/CFPreferences.h>
      |          ^~~~~~~~~~~~~~~~~~~~~~~~~~~~~~~~
compilation terminated.
configure:8947: $? = 1
configure: failed program was:
| /* confdefs.h */
| #define PACKAGE_NAME "soundmodem"
| #define PACKAGE_TARNAME "soundmodem"
| #define PACKAGE_VERSION "0.20"
| #define PACKAGE_STRING "soundmodem 0.20"
| #define PACKAGE_BUGREPORT ""
| #define PACKAGE_URL ""
| #define PACKAGE "soundmodem"
| #define VERSION "0.20"
| #define STDC_HEADERS 1
| #define HAVE_SYS_TYPES_H 1
| #define HAVE_SYS_STAT_H 1
| #define HAVE_STDLIB_H 1
| #define HAVE_STRING_H 1
| #define HAVE_MEMORY_H 1
| #define HAVE_STRINGS_H 1
| #define HAVE_INTTYPES_H 1
| #define HAVE_STDINT_H 1
| #define HAVE_UNISTD_H 1
| #define HAVE_ALLOCA_H 1
| #define HAVE_ALLOCA 1
| #define HAVE_LIBM 1
| #define HAVE_GETOPT_LONG 1
| #define HAVE_SYS_SOUNDCARD_H 1
| #define HAVE_SYS_IOCTL_H 1
| #define HAVE_TIME_H 1
| #define HAVE_INTTYPES_H 1
| #define HAVE_NET_IF_ARP_H 1
| #define HAVE_PTY_H 1
| #define HAVE_GETOPT_H 1
| #define HAVE_SYSLOG_H 1
| #define HAVE_SCHED_H 1
| #define HAVE_LINUX_SOCKIOS_H 1
| #define HAVE_LINUX_PPDEV_H 1
| #define HAVE_GPIOD_H 1
| #define HAVE_SYS_SOCKET_H 1
| #define HAVE_LINUX_IF_H 1
| #define HAVE_SYS_SOCKET_H 1
| #define HAVE_LINUX_AX25_H 1
| #define HAVE_SNPRINTF 1
| #define HAVE_VSNPRINTF 1
| #define HAVE_SYSLOG 1
| #define HAVE_VSYSLOG 1
| #define HAVE_OPENLOG 1
| #define HAVE_CLOSELOG 1
| #define HAVE_MLOCKALL 1
| #define HAVE_SIGNED_BITTYPES 1
| #define HAVE_UNSIGNED_BITTYPES 1
| #define RETSIGTYPE void
| #define HAVE_LIBASOUND 1
| #define HAVE_LIBATOPOLOGY 1
| #define HAVE_ALSA 1
| /* end confdefs.h.  */
| #include <CoreFoundation/CFPreferences.h>
| int
| main ()
| {
| CFPreferencesCopyAppValue(NULL, NULL)
|   ;
|   return 0;
| }
configure:8956: result: no
configure:8963: checking for CFLocaleCopyCurrent
configure:8981: gcc -o conftest -g -O2   conftest.c -lasound -lm -ldl -lpthread -lm -Wl,-framework -Wl,CoreFoundation >&5
conftest.c:54:10: fatal error: CoreFoundation/CFLocale.h: No such file or directory
   54 | #include <CoreFoundation/CFLocale.h>
      |          ^~~~~~~~~~~~~~~~~~~~~~~~~~~
compilation terminated.
configure:8981: $? = 1
configure: failed program was:
| /* confdefs.h */
| #define PACKAGE_NAME "soundmodem"
| #define PACKAGE_TARNAME "soundmodem"
| #define PACKAGE_VERSION "0.20"
| #define PACKAGE_STRING "soundmodem 0.20"
| #define PACKAGE_BUGREPORT ""
| #define PACKAGE_URL ""
| #define PACKAGE "soundmodem"
| #define VERSION "0.20"
| #define STDC_HEADERS 1
| #define HAVE_SYS_TYPES_H 1
| #define HAVE_SYS_STAT_H 1
| #define HAVE_STDLIB_H 1
| #define HAVE_STRING_H 1
| #define HAVE_MEMORY_H 1
| #define HAVE_STRINGS_H 1
| #define HAVE_INTTYPES_H 1
| #define HAVE_STDINT_H 1
| #define HAVE_UNISTD_H 1
| #define HAVE_ALLOCA_H 1
| #define HAVE_ALLOCA 1
| #define HAVE_LIBM 1
| #define HAVE_GETOPT_LONG 1
| #define HAVE_SYS_SOUNDCARD_H 1
| #define HAVE_SYS_IOCTL_H 1
| #define HAVE_TIME_H 1
| #define HAVE_INTTYPES_H 1
| #define HAVE_NET_IF_ARP_H 1
| #define HAVE_PTY_H 1
| #define HAVE_GETOPT_H 1
| #define HAVE_SYSLOG_H 1
| #define HAVE_SCHED_H 1
| #define HAVE_LINUX_SOCKIOS_H 1
| #define HAVE_LINUX_PPDEV_H 1
| #define HAVE_GPIOD_H 1
| #define HAVE_SYS_SOCKET_H 1
| #define HAVE_LINUX_IF_H 1
| #define HAVE_SYS_SOCKET_H 1
| #define HAVE_LINUX_AX25_H 1
| #define HAVE_SNPRINTF 1
| #define HAVE_VSNPRINTF 1
| #define HAVE_SYSLOG 1
| #define HAVE_VSYSLOG 1
| #define HAVE_OPENLOG 1
| #define HAVE_CLOSELOG 1
| #define HAVE_MLOCKALL 1
| #define HAVE_SIGNED_BITTYPES 1
| #define HAVE_UNSIGNED_BITTYPES 1
| #define RETSIGTYPE void
| #define HAVE_LIBASOUND 1
| #define HAVE_LIBATOPOLOGY 1
| #define HAVE_ALSA 1
| /* end confdefs.h.  */
| #include <CoreFoundation/CFLocale.h>
| int
| main ()
| {
| CFLocaleCopyCurrent();
|   ;
|   return 0;
| }
configure:8990: result: no
configure:8997: checking for CFLocaleCopyPreferredLanguages
configure:9015: gcc -o conftest -g -O2   conftest.c -lasound -lm -ldl -lpthread -lm -Wl,-framework -Wl,CoreFoundation >&5
conftest.c:54:10: fatal error: CoreFoundation/CFLocale.h: No such file or directory
   54 | #include <CoreFoundation/CFLocale.h>
      |          ^~~~~~~~~~~~~~~~~~~~~~~~~~~
compilation terminated.
configure:9015: $? = 1
configure: failed program was:
| /* confdefs.h */
| #define PACKAGE_NAME "soundmodem"
| #define PACKAGE_TARNAME "soundmodem"
| #define PACKAGE_VERSION "0.20"
| #define PACKAGE_STRING "soundmodem 0.20"
| #define PACKAGE_BUGREPORT ""
| #define PACKAGE_URL ""
| #define PACKAGE "soundmodem"
| #define VERSION "0.20"
| #define STDC_HEADERS 1
| #define HAVE_SYS_TYPES_H 1
| #define HAVE_SYS_STAT_H 1
| #define HAVE_STDLIB_H 1
| #define HAVE_STRING_H 1
| #define HAVE_MEMORY_H 1
| #define HAVE_STRINGS_H 1
| #define HAVE_INTTYPES_H 1
| #define HAVE_STDINT_H 1
| #define HAVE_UNISTD_H 1
| #define HAVE_ALLOCA_H 1
| #define HAVE_ALLOCA 1
| #define HAVE_LIBM 1
| #define HAVE_GETOPT_LONG 1
| #define HAVE_SYS_SOUNDCARD_H 1
| #define HAVE_SYS_IOCTL_H 1
| #define HAVE_TIME_H 1
| #define HAVE_INTTYPES_H 1
| #define HAVE_NET_IF_ARP_H 1
| #define HAVE_PTY_H 1
| #define HAVE_GETOPT_H 1
| #define HAVE_SYSLOG_H 1
| #define HAVE_SCHED_H 1
| #define HAVE_LINUX_SOCKIOS_H 1
| #define HAVE_LINUX_PPDEV_H 1
| #define HAVE_GPIOD_H 1
| #define HAVE_SYS_SOCKET_H 1
| #define HAVE_LINUX_IF_H 1
| #define HAVE_SYS_SOCKET_H 1
| #define HAVE_LINUX_AX25_H 1
| #define HAVE_SNPRINTF 1
| #define HAVE_VSNPRINTF 1
| #define HAVE_SYSLOG 1
| #define HAVE_VSYSLOG 1
| #define HAVE_OPENLOG 1
| #define HAVE_CLOSELOG 1
| #define HAVE_MLOCKALL 1
| #define HAVE_SIGNED_BITTYPES 1
| #define HAVE_UNSIGNED_BITTYPES 1
| #define RETSIGTYPE void
| #define HAVE_LIBASOUND 1
| #define HAVE_LIBATOPOLOGY 1
| #define HAVE_ALSA 1
| /* end confdefs.h.  */
| #include <CoreFoundation/CFLocale.h>
| int
| main ()
| {
| CFLocaleCopyPreferredLanguages();
|   ;
|   return 0;
| }
configure:9024: result: no
configure:9075: checking for GNU gettext in libc
configure:9095: gcc -o conftest -g -O2   conftest.c -lasound -lm -ldl -lpthread -lm >&5
configure:9095: $? = 0
configure:9104: result: yes
configure:9895: checking whether to use NLS
configure:9897: result: yes
configure:9900: checking where the gettext function comes from
configure:9911: result: libc
configure:10127: checking for pkg-config
configure:10145: found /usr/bin/pkg-config
configure:10157: result: /usr/bin/pkg-config
configure:10182: checking pkg-config is at least version 0.9.0
configure:10185: result: yes
configure:10195: checking for XML
configure:10202: $PKG_CONFIG --exists --print-errors "libxml-2.0"
configure:10205: $? = 0
configure:10219: $PKG_CONFIG --exists --print-errors "libxml-2.0"
configure:10222: $? = 0
configure:10280: result: yes
configure:10286: checking for GTK
configure:10293: $PKG_CONFIG --exists --print-errors "gtk+-2.0 >= 2.6.0"
configure:10296: $? = 0
configure:10310: $PKG_CONFIG --exists --print-errors "gtk+-2.0 >= 2.6.0"
configure:10313: $? = 0
configure:10371: result: yes
configure:10377: checking for AUDIOFILE
configure:10384: $PKG_CONFIG --exists --print-errors "audiofile"
configure:10387: $? = 0
configure:10401: $PKG_CONFIG --exists --print-errors "audiofile"
configure:10404: $? = 0
configure:10462: result: yes
configure:10473: checking for gtk_widget_set_tooltip_text
configure:10473: gcc -o conftest -g -O2   conftest.c -lgtk-x11-2.0 -lgdk-x11-2.0 -lpangocairo-1.0 -latk-1.0 -lcairo -lgdk_pixbuf-2.0 -lgio-2.0 -lpangoft2-1.0 -lpango-1.0 -lgobject-2.0 -lglib-2.0 -lharfbuzz -lfontconfig -lfreetype  -lasound -lm -ldl -lpthread -lm >&5
configure:10473: $? = 0
configure:10473: result: yes
configure:10473: checking for gtk_widget_is_drawable
configure:10473: gcc -o conftest -g -O2   conftest.c -lgtk-x11-2.0 -lgdk-x11-2.0 -lpangocairo-1.0 -latk-1.0 -lcairo -lgdk_pixbuf-2.0 -lgio-2.0 -lpangoft2-1.0 -lpango-1.0 -lgobject-2.0 -lglib-2.0 -lharfbuzz -lfontconfig -lfreetype  -lasound -lm -ldl -lpthread -lm >&5
configure:10473: $? = 0
configure:10473: result: yes
configure:10473: checking for gtk_widget_get_realized
configure:10473: gcc -o conftest -g -O2   conftest.c -lgtk-x11-2.0 -lgdk-x11-2.0 -lpangocairo-1.0 -latk-1.0 -lcairo -lgdk_pixbuf-2.0 -lgio-2.0 -lpangoft2-1.0 -lpango-1.0 -lgobject-2.0 -lglib-2.0 -lharfbuzz -lfontconfig -lfreetype  -lasound -lm -ldl -lpthread -lm >&5
configure:10473: $? = 0
configure:10473: result: yes
configure:10473: checking for gtk_widget_set_realized
configure:10473: gcc -o conftest -g -O2   conftest.c -lgtk-x11-2.0 -lgdk-x11-2.0 -lpangocairo-1.0 -latk-1.0 -lcairo -lgdk_pixbuf-2.0 -lgio-2.0 -lpangoft2-1.0 -lpango-1.0 -lgobject-2.0 -lglib-2.0 -lharfbuzz -lfontconfig -lfreetype  -lasound -lm -ldl -lpthread -lm >&5
configure:10473: $? = 0
configure:10473: result: yes
configure:10473: checking for gtk_widget_set_can_default
configure:10473: gcc -o conftest -g -O2   conftest.c -lgtk-x11-2.0 -lgdk-x11-2.0 -lpangocairo-1.0 -latk-1.0 -lcairo -lgdk_pixbuf-2.0 -lgio-2.0 -lpangoft2-1.0 -lpango-1.0 -lgobject-2.0 -lglib-2.0 -lharfbuzz -lfontconfig -lfreetype  -lasound -lm -ldl -lpthread -lm >&5
configure:10473: $? = 0
configure:10473: result: yes
configure:10473: checking for gtk_widget_set_can_focus
configure:10473: gcc -o conftest -g -O2   conftest.c -lgtk-x11-2.0 -lgdk-x11-2.0 -lpangocairo-1.0 -latk-1.0 -lcairo -lgdk_pixbuf-2.0 -lgio-2.0 -lpangoft2-1.0 -lpango-1.0 -lgobject-2.0 -lglib-2.0 -lharfbuzz -lfontconfig -lfreetype  -lasound -lm -ldl -lpthread -lm >&5
configure:10473: $? = 0
configure:10473: result: yes
configure:10473: checking for gtk_dialog_get_action_area
configure:10473: gcc -o conftest -g -O2   conftest.c -lgtk-x11-2.0 -lgdk-x11-2.0 -lpangocairo-1.0 -latk-1.0 -lcairo -lgdk_pixbuf-2.0 -lgio-2.0 -lpangoft2-1.0 -lpango-1.0 -lgobject-2.0 -lglib-2.0 -lharfbuzz -lfontconfig -lfreetype  -lasound -lm -ldl -lpthread -lm >&5
configure:10473: $? = 0
configure:10473: result: yes
configure:10473: checking for gtk_dialog_get_content_area
configure:10473: gcc -o conftest -g -O2   conftest.c -lgtk-x11-2.0 -lgdk-x11-2.0 -lpangocairo-1.0 -latk-1.0 -lcairo -lgdk_pixbuf-2.0 -lgio-2.0 -lpangoft2-1.0 -lpango-1.0 -lgobject-2.0 -lglib-2.0 -lharfbuzz -lfontconfig -lfreetype  -lasound -lm -ldl -lpthread -lm >&5
configure:10473: $? = 0
configure:10473: result: yes
configure:10473: checking for gtk_widget_get_allocation
configure:10473: gcc -o conftest -g -O2   conftest.c -lgtk-x11-2.0 -lgdk-x11-2.0 -lpangocairo-1.0 -latk-1.0 -lcairo -lgdk_pixbuf-2.0 -lgio-2.0 -lpangoft2-1.0 -lpango-1.0 -lgobject-2.0 -lglib-2.0 -lharfbuzz -lfontconfig -lfreetype  -lasound -lm -ldl -lpthread -lm >&5
configure:10473: $? = 0
configure:10473: result: yes
configure:10473: checking for gtk_widget_set_allocation
configure:10473: gcc -o conftest -g -O2   conftest.c -lgtk-x11-2.0 -lgdk-x11-2.0 -lpangocairo-1.0 -latk-1.0 -lcairo -lgdk_pixbuf-2.0 -lgio-2.0 -lpangoft2-1.0 -lpango-1.0 -lgobject-2.0 -lglib-2.0 -lharfbuzz -lfontconfig -lfreetype  -lasound -lm -ldl -lpthread -lm >&5
configure:10473: $? = 0
configure:10473: result: yes
configure:10473: checking for gtk_widget_get_state
configure:10473: gcc -o conftest -g -O2   conftest.c -lgtk-x11-2.0 -lgdk-x11-2.0 -lpangocairo-1.0 -latk-1.0 -lcairo -lgdk_pixbuf-2.0 -lgio-2.0 -lpangoft2-1.0 -lpango-1.0 -lgobject-2.0 -lglib-2.0 -lharfbuzz -lfontconfig -lfreetype  -lasound -lm -ldl -lpthread -lm >&5
configure:10473: $? = 0
configure:10473: result: yes
configure:10473: checking for gtk_widget_get_window
configure:10473: gcc -o conftest -g -O2   conftest.c -lgtk-x11-2.0 -lgdk-x11-2.0 -lpangocairo-1.0 -latk-1.0 -lcairo -lgdk_pixbuf-2.0 -lgio-2.0 -lpangoft2-1.0 -lpango-1.0 -lgobject-2.0 -lglib-2.0 -lharfbuzz -lfontconfig -lfreetype  -lasound -lm -ldl -lpthread -lm >&5
configure:10473: $? = 0
configure:10473: result: yes
configure:10473: checking for gtk_widget_set_window
configure:10473: gcc -o conftest -g -O2   conftest.c -lgtk-x11-2.0 -lgdk-x11-2.0 -lpangocairo-1.0 -latk-1.0 -lcairo -lgdk_pixbuf-2.0 -lgio-2.0 -lpangoft2-1.0 -lpango-1.0 -lgobject-2.0 -lglib-2.0 -lharfbuzz -lfontconfig -lfreetype  -lasound -lm -ldl -lpthread -lm >&5
configure:10473: $? = 0
configure:10473: result: yes
configure:10473: checking for gtk_widget_set_has_window
configure:10473: gcc -o conftest -g -O2   conftest.c -lgtk-x11-2.0 -lgdk-x11-2.0 -lpangocairo-1.0 -latk-1.0 -lcairo -lgdk_pixbuf-2.0 -lgio-2.0 -lpangoft2-1.0 -lpango-1.0 -lgobject-2.0 -lglib-2.0 -lharfbuzz -lfontconfig -lfreetype  -lasound -lm -ldl -lpthread -lm >&5
configure:10473: $? = 0
configure:10473: result: yes
configure:10473: checking for gtk_widget_style_attach
configure:10473: gcc -o conftest -g -O2   conftest.c -lgtk-x11-2.0 -lgdk-x11-2.0 -lpangocairo-1.0 -latk-1.0 -lcairo -lgdk_pixbuf-2.0 -lgio-2.0 -lpangoft2-1.0 -lpango-1.0 -lgobject-2.0 -lglib-2.0 -lharfbuzz -lfontconfig -lfreetype  -lasound -lm -ldl -lpthread -lm >&5
configure:10473: $? = 0
configure:10473: result: yes
configure:10497: checking for openpty in -lutil
configure:10522: gcc -o conftest -g -O2 -Wall -O2   conftest.c -lutil   >&5
configure:10522: $? = 0
configure:10531: result: yes
configure:10544: checking for openpty
configure:10544: gcc -o conftest -g -O2 -Wall -O2   conftest.c -lutil  >&5
configure:10544: $? = 0
configure:10544: result: yes
configure:10563: checking for rigerror in -lhamlib
configure:10588: gcc -o conftest -g -O2 -Wall -O2   conftest.c -lhamlib  -lasound -lm -ldl -lpthread -lm >&5
configure:10588: $? = 0
configure:10597: result: yes
configure:10608: checking for gpiod_chip_open_by_name in -lgpiod
configure:10633: gcc -o conftest -g -O2 -Wall -O2   conftest.c -lgpiod  -lhamlib -lasound -lm -ldl -lpthread -lm >&5
configure:10633: $? = 0
configure:10642: result: yes
configure:10656: checking for DirectX includes
configure:10670: gcc -c -g -O2 -Wall -O2 -I./directx/include -I./directx/include/directx6  conftest.c >&5
In file included from conftest.c:79:
./directx/include/directx.h:7:10: fatal error: windows.h: No such file or directory
    7 | #include <windows.h>
      |          ^~~~~~~~~~~
compilation terminated.
configure:10670: $? = 1
configure: failed program was:
| /* confdefs.h */
| #define PACKAGE_NAME "soundmodem"
| #define PACKAGE_TARNAME "soundmodem"
| #define PACKAGE_VERSION "0.20"
| #define PACKAGE_STRING "soundmodem 0.20"
| #define PACKAGE_BUGREPORT ""
| #define PACKAGE_URL ""
| #define PACKAGE "soundmodem"
| #define VERSION "0.20"
| #define STDC_HEADERS 1
| #define HAVE_SYS_TYPES_H 1
| #define HAVE_SYS_STAT_H 1
| #define HAVE_STDLIB_H 1
| #define HAVE_STRING_H 1
| #define HAVE_MEMORY_H 1
| #define HAVE_STRINGS_H 1
| #define HAVE_INTTYPES_H 1
| #define HAVE_STDINT_H 1
| #define HAVE_UNISTD_H 1
| #define HAVE_ALLOCA_H 1
| #define HAVE_ALLOCA 1
| #define HAVE_LIBM 1
| #define HAVE_GETOPT_LONG 1
| #define HAVE_SYS_SOUNDCARD_H 1
| #define HAVE_SYS_IOCTL_H 1
| #define HAVE_TIME_H 1
| #define HAVE_INTTYPES_H 1
| #define HAVE_NET_IF_ARP_H 1
| #define HAVE_PTY_H 1
| #define HAVE_GETOPT_H 1
| #define HAVE_SYSLOG_H 1
| #define HAVE_SCHED_H 1
| #define HAVE_LINUX_SOCKIOS_H 1
| #define HAVE_LINUX_PPDEV_H 1
| #define HAVE_GPIOD_H 1
| #define HAVE_SYS_SOCKET_H 1
| #define HAVE_LINUX_IF_H 1
| #define HAVE_SYS_SOCKET_H 1
| #define HAVE_LINUX_AX25_H 1
| #define HAVE_SNPRINTF 1
| #define HAVE_VSNPRINTF 1
| #define HAVE_SYSLOG 1
| #define HAVE_VSYSLOG 1
| #define HAVE_OPENLOG 1
| #define HAVE_CLOSELOG 1
| #define HAVE_MLOCKALL 1
| #define HAVE_SIGNED_BITTYPES 1
| #define HAVE_UNSIGNED_BITTYPES 1
| #define RETSIGTYPE void
| #define HAVE_LIBASOUND 1
| #define HAVE_LIBATOPOLOGY 1
| #define HAVE_ALSA 1
| #define ENABLE_NLS 1
| #define HAVE_GETTEXT 1
| #define HAVE_DCGETTEXT 1
| #define PACKAGE_LOCALE_DIR "/usr/local//locale"
| #define PACKAGE_DATA_DIR "${datarootdir}/soundmodem"
| #define PACKAGE_SOURCE_DIR "/home/m8/soundmodem-0.20"
| #define HAVE_GTK_WIDGET_SET_TOOLTIP_TEXT 1
| #define HAVE_GTK_WIDGET_IS_DRAWABLE 1
| #define HAVE_GTK_WIDGET_GET_REALIZED 1
| #define HAVE_GTK_WIDGET_SET_REALIZED 1
| #define HAVE_GTK_WIDGET_SET_CAN_DEFAULT 1
| #define HAVE_GTK_WIDGET_SET_CAN_FOCUS 1
| #define HAVE_GTK_DIALOG_GET_ACTION_AREA 1
| #define HAVE_GTK_DIALOG_GET_CONTENT_AREA 1
| #define HAVE_GTK_WIDGET_GET_ALLOCATION 1
| #define HAVE_GTK_WIDGET_SET_ALLOCATION 1
| #define HAVE_GTK_WIDGET_GET_STATE 1
| #define HAVE_GTK_WIDGET_GET_WINDOW 1
| #define HAVE_GTK_WIDGET_SET_WINDOW 1
| #define HAVE_GTK_WIDGET_SET_HAS_WINDOW 1
| #define HAVE_GTK_WIDGET_STYLE_ATTACH 1
| #define HAVE_LIBUTIL 1
| #define HAVE_OPENPTY 1
| #define HAVE_LIBHAMLIB 1
| #define HAVE_LIBGPIOD 1
| /* end confdefs.h.  */
| #include <directx.h>
| int
| main ()
| {
|  LPDIRECTSOUND dsplay; LPDIRECTSOUNDCAPTURE dsrec;
|   ;
|   return 0;
| }
configure:10676: result: no
configure:10680: checking for ifr_newname in struct ifreq
configure:10694: gcc -c -g -O2 -Wall -O2  conftest.c >&5
conftest.c: In function 'main':
conftest.c:83:14: warning: variable 'ifr' set but not used [-Wunused-but-set-variable]
   83 | struct ifreq ifr; ifr.ifr_newname[0]=0;
      |              ^~~
configure:10694: $? = 0
configure:10700: result: yes
configure:10707: checking for vsnprintf
configure:10707: result: yes
configure:10725: checking for random
configure:10725: gcc -o conftest -g -O2 -Wall -O2   conftest.c  >&5
configure:10725: $? = 0
configure:10725: result: yes
configure:10743: checking for MKISS (N_AX25 line discipline)
configure:10762: result: yes
configure:10972: checking that generated files are newer than configure
configure:10978: result: done
configure:11033: creating ./config.status

## ---------------- ##
## Cache variables. ##
## ---------------- ##

ac_cv_build=arm-unknown-linux-gnu
ac_cv_c_compiler_gnu=yes
ac_cv_c_const=yes
ac_cv_c_inline=inline
ac_cv_cxx_compiler_gnu=yes
ac_cv_env_AUDIOFILE_CFLAGS_set=
ac_cv_env_AUDIOFILE_CFLAGS_value=
ac_cv_env_AUDIOFILE_LIBS_set=
ac_cv_env_AUDIOFILE_LIBS_value=
ac_cv_env_CCC_set=
ac_cv_env_CCC_value=
ac_cv_env_CC_set=
ac_cv_env_CC_value=
ac_cv_env_CFLAGS_set=
ac_cv_env_CFLAGS_value=
ac_cv_env_CPPFLAGS_set=
ac_cv_env_CPPFLAGS_value=
ac_cv_env_CPP_set=
ac_cv_env_CPP_value=
ac_cv_env_CXXFLAGS_set=
ac_cv_env_CXXFLAGS_value=
ac_cv_env_CXX_set=
ac_cv_env_CXX_value=
ac_cv_env_GTK_CFLAGS_set=
ac_cv_env_GTK_CFLAGS_value=
ac_cv_env_GTK_LIBS_set=
ac_cv_env_GTK_LIBS_value=
ac_cv_env_LDFLAGS_set=
ac_cv_env_LDFLAGS_value=
ac_cv_env_LIBS_set=
ac_cv_env_LIBS_value=
ac_cv_env_PKG_CONFIG_LIBDIR_set=
ac_cv_env_PKG_CONFIG_LIBDIR_value=
ac_cv_env_PKG_CONFIG_PATH_set=
ac_cv_env_PKG_CONFIG_PATH_value=
ac_cv_env_PKG_CONFIG_set=
ac_cv_env_PKG_CONFIG_value=
ac_cv_env_XML_CFLAGS_set=
ac_cv_env_XML_CFLAGS_value=
ac_cv_env_XML_LIBS_set=
ac_cv_env_XML_LIBS_value=
ac_cv_env_build_alias_set=
ac_cv_env_build_alias_value=
ac_cv_env_host_alias_set=
ac_cv_env_host_alias_value=
ac_cv_env_target_alias_set=
ac_cv_env_target_alias_value=
ac_cv_func_alloca_works=yes
ac_cv_func_closelog=yes
ac_cv_func_getopt_long=yes
ac_cv_func_gtk_dialog_get_action_area=yes
ac_cv_func_gtk_dialog_get_content_area=yes
ac_cv_func_gtk_widget_get_allocation=yes
ac_cv_func_gtk_widget_get_realized=yes
ac_cv_func_gtk_widget_get_state=yes
ac_cv_func_gtk_widget_get_window=yes
ac_cv_func_gtk_widget_is_drawable=yes
ac_cv_func_gtk_widget_set_allocation=yes
ac_cv_func_gtk_widget_set_can_default=yes
ac_cv_func_gtk_widget_set_can_focus=yes
ac_cv_func_gtk_widget_set_has_window=yes
ac_cv_func_gtk_widget_set_realized=yes
ac_cv_func_gtk_widget_set_tooltip_text=yes
ac_cv_func_gtk_widget_set_window=yes
ac_cv_func_gtk_widget_style_attach=yes
ac_cv_func_mlockall=yes
ac_cv_func_openlog=yes
ac_cv_func_openpty=yes
ac_cv_func_random=yes
ac_cv_func_snprintf=yes
ac_cv_func_syslog=yes
ac_cv_func_vsnprintf=yes
ac_cv_func_vsyslog=yes
ac_cv_header_getopt_h=yes
ac_cv_header_gpiod_h=yes
ac_cv_header_inttypes_h=yes
ac_cv_header_linux_ax25_h=yes
ac_cv_header_linux_if_h=yes
ac_cv_header_linux_ppdev_h=yes
ac_cv_header_linux_sockios_h=yes
ac_cv_header_memory_h=yes
ac_cv_header_net_if_arp_h=yes
ac_cv_header_pty_h=yes
ac_cv_header_sched_h=yes
ac_cv_header_stdc=yes
ac_cv_header_stdint_h=yes
ac_cv_header_stdlib_h=yes
ac_cv_header_string_h=yes
ac_cv_header_strings_h=yes
ac_cv_header_stropts_h=no
ac_cv_header_sys_audioio_h=no
ac_cv_header_sys_conf_h=no
ac_cv_header_sys_ioccom_h=no
ac_cv_header_sys_ioctl_h=yes
ac_cv_header_sys_socket_h=yes
ac_cv_header_sys_soundcard_h=yes
ac_cv_header_sys_stat_h=yes
ac_cv_header_sys_types_h=yes
ac_cv_header_syslog_h=yes
ac_cv_header_time_h=yes
ac_cv_header_unistd_h=yes
ac_cv_host=arm-unknown-linux-gnu
ac_cv_lib_asound_snd_ctl_open=yes
ac_cv_lib_atopology_snd_tplg_new=yes
ac_cv_lib_c_dlopen=no
ac_cv_lib_dl_dlopen=yes
ac_cv_lib_gpiod_gpiod_chip_open_by_name=yes
ac_cv_lib_hamlib_rigerror=yes
ac_cv_lib_m_sqrt=yes
ac_cv_lib_posix4_sched_setscheduler=no
ac_cv_lib_pthread32_pthread_create=no
ac_cv_lib_pthread_pthread_create=yes
ac_cv_lib_util_openpty=yes
ac_cv_lib_uuid_GUID_NULL=no
ac_cv_objext=o
ac_cv_path_EGREP='/usr/bin/grep -E'
ac_cv_path_GMSGFMT=/usr/bin/msgfmt
ac_cv_path_GREP=/usr/bin/grep
ac_cv_path_MSGFMT=/usr/bin/msgfmt
ac_cv_path_MSGMERGE=/usr/bin/msgmerge
ac_cv_path_XGETTEXT=/usr/bin/xgettext
ac_cv_path_ac_pt_PKG_CONFIG=/usr/bin/pkg-config
ac_cv_path_install='/usr/bin/install -c'
ac_cv_path_mkdir=/usr/bin/mkdir
ac_cv_prog_AR=ar
ac_cv_prog_AS=as
ac_cv_prog_AWK=gawk
ac_cv_prog_CPP='gcc -E'
ac_cv_prog_DLLTOOL=dlltool
ac_cv_prog_LD=ld
ac_cv_prog_RANLIB=ranlib
ac_cv_prog_WINDRES=i686-pc-cygwin-windres
ac_cv_prog_ac_ct_CC=gcc
ac_cv_prog_ac_ct_CXX=g++
ac_cv_prog_cc_c89=
ac_cv_prog_cc_g=yes
ac_cv_prog_cxx_g=yes
ac_cv_prog_make_make_set=yes
ac_cv_search_strerror='none required'
ac_cv_target=arm-unknown-linux-gnu
ac_cv_type_signal=void
ac_cv_type_size_t=yes
ac_cv_working_alloca_h=yes
acl_cv_hardcode_direct=no
acl_cv_hardcode_libdir_flag_spec='${wl}-rpath ${wl}$libdir'
acl_cv_hardcode_libdir_separator=
acl_cv_hardcode_minus_L=no
acl_cv_libext=a
acl_cv_libname_spec='lib$name'
acl_cv_library_names_spec='$libname$shrext'
acl_cv_path_LD=ld
acl_cv_prog_gnu_ld=yes
acl_cv_rpath=done
acl_cv_shlibext=so
acl_cv_wl=-Wl,
am_cv_CC_dependencies_compiler_type=gcc3
am_cv_CXX_dependencies_compiler_type=gcc3
am_cv_make_support_nested_variables=yes
am_cv_prog_cc_c_o=yes
am_cv_prog_cc_stdc=
gt_cv_func_CFLocaleCopyCurrent=no
gt_cv_func_CFLocaleCopyPreferredLanguages=no
gt_cv_func_CFPreferencesCopyAppValue=no
gt_cv_func_gnugettext1_libc=yes
pkg_cv_AUDIOFILE_CFLAGS=
pkg_cv_AUDIOFILE_LIBS='-laudiofile '
pkg_cv_GTK_CFLAGS='-I/usr/include/gtk-2.0 -I/usr/lib/gtk-2.0/include -I/usr/include/pango-1.0 -I/usr/include/glib-2.0 -I/usr/lib/glib-2.0/include -I/usr/lib/libffi-3.2.1/include -I/usr/include/harfbuzz -I/usr/include/fribidi -I/usr/include/freetype2 -I/usr/include/libpng16 -I/usr/include/cairo -I/usr/include/pixman-1 -I/usr/include/gdk-pixbuf-2.0 -I/usr/include/libmount -I/usr/include/blkid -I/usr/include/atk-1.0 -pthread '
pkg_cv_GTK_LIBS='-lgtk-x11-2.0 -lgdk-x11-2.0 -lpangocairo-1.0 -latk-1.0 -lcairo -lgdk_pixbuf-2.0 -lgio-2.0 -lpangoft2-1.0 -lpango-1.0 -lgobject-2.0 -lglib-2.0 -lharfbuzz -lfontconfig -lfreetype '
pkg_cv_XML_CFLAGS='-I/usr/include/libxml2 '
pkg_cv_XML_LIBS='-lxml2 '

## ----------------- ##
## Output variables. ##
## ----------------- ##

ACLOCAL='aclocal-1.16'
ALLOCA=''
ALSA_CFLAGS=''
ALSA_LIBS=' -lasound -lm -ldl -lpthread'
ALSA_TOPOLOGY_LIBS=' -latopology'
AMDEPBACKSLASH='\'
AMDEP_FALSE='#'
AMDEP_TRUE=''
AMTAR='$${TAR-tar}'
AM_BACKSLASH='\'
AM_DEFAULT_V='$(AM_DEFAULT_VERBOSITY)'
AM_DEFAULT_VERBOSITY='1'
AM_V='$(V)'
AR='ar'
AS='as'
AUDIOFILE_CFLAGS=''
AUDIOFILE_LIBS='-laudiofile '
AUTOCONF='autoconf'
AUTOHEADER='autoheader'
AUTOMAKE='automake-1.16'
AWK='gawk'
CC='gcc'
CCDEPMODE='depmode=gcc3'
CFLAGS='-g -O2 -Wall -O2'
CPP='gcc -E'
CPPFLAGS=''
CROSSCOMP_FALSE=''
CROSSCOMP_TRUE='#'
CXX='g++'
CXXDEPMODE='depmode=gcc3'
CXXFLAGS='-g -O2 -Wall -O2'
CYGPATH_W='echo'
DEFS='-DHAVE_CONFIG_H'
DEPDIR='.deps'
DIRECTX_FALSE=''
DIRECTX_TRUE='#'
DLLTOOL='dlltool'
ECHO_C=''
ECHO_N='-n'
ECHO_T=''
EGREP='/usr/bin/grep -E'
EXEEXT=''
GETTEXT_MACRO_VERSION='0.18'
GMSGFMT='/usr/bin/msgfmt'
GMSGFMT_015='/usr/bin/msgfmt'
GREP='/usr/bin/grep'
GTK_CFLAGS='-I/usr/include/gtk-2.0 -I/usr/lib/gtk-2.0/include -I/usr/include/pango-1.0 -I/usr/include/glib-2.0 -I/usr/lib/glib-2.0/include -I/usr/lib/libffi-3.2.1/include -I/usr/include/harfbuzz -I/usr/include/fribidi -I/usr/include/freetype2 -I/usr/include/libpng16 -I/usr/include/cairo -I/usr/include/pixman-1 -I/usr/include/gdk-pixbuf-2.0 -I/usr/include/libmount -I/usr/include/blkid -I/usr/include/atk-1.0 -pthread '
GTK_LIBS='-lgtk-x11-2.0 -lgdk-x11-2.0 -lpangocairo-1.0 -latk-1.0 -lcairo -lgdk_pixbuf-2.0 -lgio-2.0 -lpangoft2-1.0 -lpango-1.0 -lgobject-2.0 -lglib-2.0 -lharfbuzz -lfontconfig -lfreetype '
HAVE_ALSA=''
HAVE_BITTYPES=''
HAVE_DIRECTX=''
HAVE_IFRNEWNAME=''
HAVE_MKISS=''
INSTALL_DATA='${INSTALL} -m 644'
INSTALL_PROGRAM='${INSTALL}'
INSTALL_SCRIPT='${INSTALL}'
INSTALL_STRIP_PROGRAM='$(install_sh) -c -s'
INTLLIBS=''
INTL_MACOSX_LIBS=''
LD='ld'
LDFLAGS=''
LIBICONV='-liconv'
LIBINTL=''
LIBOBJS=''
LIBS='-lgpiod -lhamlib -lasound -lm -ldl -lpthread -lm'
LIBTHREAD=' -lpthread -lutil '
LTLIBICONV='-liconv'
LTLIBINTL=''
LTLIBOBJS=''
MAKEINFO='makeinfo'
MKDIR_P='/usr/bin/mkdir -p'
MSGFMT='/usr/bin/msgfmt'
MSGFMT_015='/usr/bin/msgfmt'
MSGMERGE='/usr/bin/msgmerge'
M_PI=''
OBJEXT='o'
PACKAGE='soundmodem'
PACKAGE_BUGREPORT=''
PACKAGE_NAME='soundmodem'
PACKAGE_STRING='soundmodem 0.20'
PACKAGE_TARNAME='soundmodem'
PACKAGE_URL=''
PACKAGE_VERSION='0.20'
PATH_SEPARATOR=':'
PKG_CONFIG='/usr/bin/pkg-config'
PKG_CONFIG_LIBDIR=''
PKG_CONFIG_PATH=''
POSUB='po'
PTHREAD_CFLAGS=''
PTHREAD_LIBS=''
RANLIB='ranlib'
SET_MAKE=''
SHELL='/bin/sh'
STRIP=''
USEMMX=''
USEMMX_FALSE=''
USEMMX_TRUE='#'
USEVIS=''
USEVIS_FALSE=''
USEVIS_TRUE='#'
USE_NLS='yes'
VERSION='0.20'
WIN32=''
WIN32_FALSE=''
WIN32_TRUE='#'
WINDRES='i686-pc-cygwin-windres'
XGETTEXT='/usr/bin/xgettext'
XGETTEXT_015='/usr/bin/xgettext'
XGETTEXT_EXTRA_OPTIONS=''
XML_CFLAGS='-I/usr/include/libxml2 '
XML_LIBS='-lxml2 '
ac_ct_CC='gcc'
ac_ct_CXX='g++'
am__EXEEXT_FALSE=''
am__EXEEXT_TRUE='#'
am__fastdepCC_FALSE='#'
am__fastdepCC_TRUE=''
am__fastdepCXX_FALSE='#'
am__fastdepCXX_TRUE=''
am__include='include'
am__isrc=''
am__leading_dot='.'
am__nodep='_no'
am__quote=''
am__tar='$${TAR-tar} chof - "$$tardir"'
am__untar='$${TAR-tar} xf -'
bindir='${exec_prefix}/bin'
build='arm-unknown-linux-gnu'
build_alias=''
build_cpu='arm'
build_os='linux-gnu'
build_vendor='unknown'
datadir='${datarootdir}'
datarootdir='${prefix}/share'
docdir='${datarootdir}/doc/${PACKAGE_TARNAME}'
dvidir='${docdir}'
exec_prefix='${prefix}'
host='arm-unknown-linux-gnu'
host_alias=''
host_cpu='arm'
host_os='linux-gnu'
host_vendor='unknown'
htmldir='${docdir}'
includedir='${prefix}/include'
infodir='${datarootdir}/info'
install_sh='${SHELL} /home/m8/soundmodem-0.20/install-sh'
libdir='${exec_prefix}/lib'
libexecdir='${exec_prefix}/libexec'
localedir='${datarootdir}/locale'
localstatedir='${prefix}/var'
mandir='${datarootdir}/man'
mkdir_p='/usr/bin/mkdir -p'
oldincludedir='/usr/include'
pdfdir='${docdir}'
prefix='/usr/local'
program_transform_name='s,x,x,'
psdir='${docdir}'
sbindir='${exec_prefix}/sbin'
sharedstatedir='${prefix}/com'
sysconfdir='${prefix}/etc'
target='arm-unknown-linux-gnu'
target_alias=''
target_cpu='arm'
target_os='linux-gnu'
target_vendor='unknown'

## ----------- ##
## confdefs.h. ##
## ----------- ##

/* confdefs.h */
#define PACKAGE_NAME "soundmodem"
#define PACKAGE_TARNAME "soundmodem"
#define PACKAGE_VERSION "0.20"
#define PACKAGE_STRING "soundmodem 0.20"
#define PACKAGE_BUGREPORT ""
#define PACKAGE_URL ""
#define PACKAGE "soundmodem"
#define VERSION "0.20"
#define STDC_HEADERS 1
#define HAVE_SYS_TYPES_H 1
#define HAVE_SYS_STAT_H 1
#define HAVE_STDLIB_H 1
#define HAVE_STRING_H 1
#define HAVE_MEMORY_H 1
#define HAVE_STRINGS_H 1
#define HAVE_INTTYPES_H 1
#define HAVE_STDINT_H 1
#define HAVE_UNISTD_H 1
#define HAVE_ALLOCA_H 1
#define HAVE_ALLOCA 1
#define HAVE_LIBM 1
#define HAVE_GETOPT_LONG 1
#define HAVE_SYS_SOUNDCARD_H 1
#define HAVE_SYS_IOCTL_H 1
#define HAVE_TIME_H 1
#define HAVE_INTTYPES_H 1
#define HAVE_NET_IF_ARP_H 1
#define HAVE_PTY_H 1
#define HAVE_GETOPT_H 1
#define HAVE_SYSLOG_H 1
#define HAVE_SCHED_H 1
#define HAVE_LINUX_SOCKIOS_H 1
#define HAVE_LINUX_PPDEV_H 1
#define HAVE_GPIOD_H 1
#define HAVE_SYS_SOCKET_H 1
#define HAVE_LINUX_IF_H 1
#define HAVE_SYS_SOCKET_H 1
#define HAVE_LINUX_AX25_H 1
#define HAVE_SNPRINTF 1
#define HAVE_VSNPRINTF 1
#define HAVE_SYSLOG 1
#define HAVE_VSYSLOG 1
#define HAVE_OPENLOG 1
#define HAVE_CLOSELOG 1
#define HAVE_MLOCKALL 1
#define HAVE_SIGNED_BITTYPES 1
#define HAVE_UNSIGNED_BITTYPES 1
#define RETSIGTYPE void
#define HAVE_LIBASOUND 1
#define HAVE_LIBATOPOLOGY 1
#define HAVE_ALSA 1
#define ENABLE_NLS 1
#define HAVE_GETTEXT 1
#define HAVE_DCGETTEXT 1
#define PACKAGE_LOCALE_DIR "/usr/local//locale"
#define PACKAGE_DATA_DIR "${datarootdir}/soundmodem"
#define PACKAGE_SOURCE_DIR "/home/m8/soundmodem-0.20"
#define HAVE_GTK_WIDGET_SET_TOOLTIP_TEXT 1
#define HAVE_GTK_WIDGET_IS_DRAWABLE 1
#define HAVE_GTK_WIDGET_GET_REALIZED 1
#define HAVE_GTK_WIDGET_SET_REALIZED 1
#define HAVE_GTK_WIDGET_SET_CAN_DEFAULT 1
#define HAVE_GTK_WIDGET_SET_CAN_FOCUS 1
#define HAVE_GTK_DIALOG_GET_ACTION_AREA 1
#define HAVE_GTK_DIALOG_GET_CONTENT_AREA 1
#define HAVE_GTK_WIDGET_GET_ALLOCATION 1
#define HAVE_GTK_WIDGET_SET_ALLOCATION 1
#define HAVE_GTK_WIDGET_GET_STATE 1
#define HAVE_GTK_WIDGET_GET_WINDOW 1
#define HAVE_GTK_WIDGET_SET_WINDOW 1
#define HAVE_GTK_WIDGET_SET_HAS_WINDOW 1
#define HAVE_GTK_WIDGET_STYLE_ATTACH 1
#define HAVE_LIBUTIL 1
#define HAVE_OPENPTY 1
#define HAVE_LIBHAMLIB 1
#define HAVE_LIBGPIOD 1
#define HAVE_IFRNEWNAME 1
#define HAVE_VSNPRINTF 1
#define HAVE_RANDOM 1
#define HAVE_MKISS 1

configure: exit 0

## ---------------------- ##
## Running config.status. ##
## ---------------------- ##

This file was extended by soundmodem config.status 0.20, which was
generated by GNU Autoconf 2.69.  Invocation command line was

  CONFIG_FILES    = 
  CONFIG_HEADERS  = 
  CONFIG_LINKS    = 
  CONFIG_COMMANDS = 
  $ ./config.status 

on m8-pi4

config.status:1012: creating Makefile
config.status:1012: creating po/Makefile.in
config.status:1012: creating directx/Makefile
config.status:1012: creating libmisc/Makefile
config.status:1012: creating matlib/Makefile
config.status:1012: creating afsk/Makefile
config.status:1012: creating fsk/Makefile
config.status:1012: creating pammodem/Makefile
config.status:1012: creating pskmodem/Makefile
config.status:1012: creating newqpsk/Makefile
config.status:1012: creating p3dmodem/Makefile
config.status:1012: creating soundcard/Makefile
config.status:1012: creating flexdrv/Makefile
config.status:1012: creating doc/Makefile
config.status:1012: creating configapp/Makefile
config.status:1012: creating configapp/src/Makefile
config.status:1012: creating config.h
config.status:1193: config.h is unchanged
config.status:1241: executing depfiles commands
config.status:1318: cd directx       && sed -e '/# am--include-marker/d' Makefile         | make -f - am--depfiles
make[1]: Entering directory '/home/m8/soundmodem-0.20/directx'
make[1]: Nothing to be done for 'am--depfiles'.
make[1]: Leaving directory '/home/m8/soundmodem-0.20/directx'
config.status:1323: $? = 0
config.status:1318: cd libmisc       && sed -e '/# am--include-marker/d' Makefile         | make -f - am--depfiles
make[1]: Entering directory '/home/m8/soundmodem-0.20/libmisc'
make[1]: Nothing to be done for 'am--depfiles'.
make[1]: Leaving directory '/home/m8/soundmodem-0.20/libmisc'
config.status:1323: $? = 0
config.status:1318: cd matlib       && sed -e '/# am--include-marker/d' Makefile         | make -f - am--depfiles
make[1]: Entering directory '/home/m8/soundmodem-0.20/matlib'
make[1]: Nothing to be done for 'am--depfiles'.
make[1]: Leaving directory '/home/m8/soundmodem-0.20/matlib'
config.status:1323: $? = 0
config.status:1318: cd afsk       && sed -e '/# am--include-marker/d' Makefile         | make -f - am--depfiles
make[1]: Entering directory '/home/m8/soundmodem-0.20/afsk'
make[1]: Nothing to be done for 'am--depfiles'.
make[1]: Leaving directory '/home/m8/soundmodem-0.20/afsk'
config.status:1323: $? = 0
config.status:1318: cd fsk       && sed -e '/# am--include-marker/d' Makefile         | make -f - am--depfiles
make[1]: Entering directory '/home/m8/soundmodem-0.20/fsk'
make[1]: Nothing to be done for 'am--depfiles'.
make[1]: Leaving directory '/home/m8/soundmodem-0.20/fsk'
config.status:1323: $? = 0
config.status:1318: cd pammodem       && sed -e '/# am--include-marker/d' Makefile         | make -f - am--depfiles
make[1]: Entering directory '/home/m8/soundmodem-0.20/pammodem'
make[1]: Nothing to be done for 'am--depfiles'.
make[1]: Leaving directory '/home/m8/soundmodem-0.20/pammodem'
config.status:1323: $? = 0
config.status:1318: cd pskmodem       && sed -e '/# am--include-marker/d' Makefile         | make -f - am--depfiles
make[1]: Entering directory '/home/m8/soundmodem-0.20/pskmodem'
make[1]: Nothing to be done for 'am--depfiles'.
make[1]: Leaving directory '/home/m8/soundmodem-0.20/pskmodem'
config.status:1323: $? = 0
config.status:1318: cd newqpsk       && sed -e '/# am--include-marker/d' Makefile         | make -f - am--depfiles
make[1]: Entering directory '/home/m8/soundmodem-0.20/newqpsk'
make[1]: Nothing to be done for 'am--depfiles'.
make[1]: Leaving directory '/home/m8/soundmodem-0.20/newqpsk'
config.status:1323: $? = 0
config.status:1318: cd p3dmodem       && sed -e '/# am--include-marker/d' Makefile         | make -f - am--depfiles
make[1]: Entering directory '/home/m8/soundmodem-0.20/p3dmodem'
make[1]: Nothing to be done for 'am--depfiles'.
make[1]: Leaving directory '/home/m8/soundmodem-0.20/p3dmodem'
config.status:1323: $? = 0
config.status:1318: cd soundcard       && sed -e '/# am--include-marker/d' Makefile         | make -f - am--depfiles
make[1]: Entering directory '/home/m8/soundmodem-0.20/soundcard'
make[1]: Nothing to be done for 'am--depfiles'.
make[1]: Leaving directory '/home/m8/soundmodem-0.20/soundcard'
config.status:1323: $? = 0
config.status:1318: cd flexdrv       && sed -e '/# am--include-marker/d' Makefile         | make -f - am--depfiles
make[1]: Entering directory '/home/m8/soundmodem-0.20/flexdrv'
make[1]: Nothing to be done for 'am--depfiles'.
make[1]: Leaving directory '/home/m8/soundmodem-0.20/flexdrv'
config.status:1323: $? = 0
config.status:1318: cd configapp/src       && sed -e '/# am--include-marker/d' Makefile         | make -f - am--depfiles
make[1]: Entering directory '/home/m8/soundmodem-0.20/configapp/src'
make[1]: Nothing to be done for 'am--depfiles'.
make[1]: Leaving directory '/home/m8/soundmodem-0.20/configapp/src'
config.status:1323: $? = 0
config.status:1241: executing po-directories commands

## ---------------------- ##
## Running config.status. ##
## ---------------------- ##

This file was extended by soundmodem config.status 0.20, which was
generated by GNU Autoconf 2.69.  Invocation command line was

  CONFIG_FILES    = 
  CONFIG_HEADERS  = 
  CONFIG_LINKS    = 
  CONFIG_COMMANDS = 
  $ ./config.status config.h

on m8-pi4

config.status:1012: creating config.h
config.status:1193: config.h is unchanged
